-------------------------------------------------------------------------------
Test set: codeu.chat.server.RawControllerTest
-------------------------------------------------------------------------------
Tests run: 6, Failures: 0, Errors: 6, Skipped: 0, Time elapsed: 5.402 sec <<< FAILURE! - in codeu.chat.server.RawControllerTest
testAddMessage(codeu.chat.server.RawControllerTest)  Time elapsed: 0.795 sec  <<< ERROR!
java.lang.RuntimeException: com.google.cloud.bigtable.grpc.scanner.BigtableRetriesExhaustedException: Exhausted streaming retries.
	at org.apache.hadoop.hbase.client.AbstractClientScanner$1.hasNext(AbstractClientScanner.java:97)
	at codeu.chat.server.Model.updateMessages(Model.java:471)
	at codeu.chat.server.Model.messageById(Model.java:444)
	at codeu.chat.server.Controller.isIdInUse(Controller.java:275)
	at codeu.chat.server.Controller.isIdFree(Controller.java:281)
	at codeu.chat.server.Controller.newUser(Controller.java:145)
	at codeu.chat.server.RawControllerTest.testAddMessage(RawControllerTest.java:210)
	at sun.reflect.NativeMethodAccessorImpl.invoke0(Native Method)
	at sun.reflect.NativeMethodAccessorImpl.invoke(NativeMethodAccessorImpl.java:62)
	at sun.reflect.DelegatingMethodAccessorImpl.invoke(DelegatingMethodAccessorImpl.java:43)
	at java.lang.reflect.Method.invoke(Method.java:498)
	at org.junit.runners.model.FrameworkMethod$1.runReflectiveCall(FrameworkMethod.java:50)
	at org.junit.internal.runners.model.ReflectiveCallable.run(ReflectiveCallable.java:12)
	at org.junit.runners.model.FrameworkMethod.invokeExplosively(FrameworkMethod.java:47)
	at org.junit.internal.runners.statements.InvokeMethod.evaluate(InvokeMethod.java:17)
	at org.junit.internal.runners.statements.RunBefores.evaluate(RunBefores.java:26)
	at org.junit.runners.ParentRunner.runLeaf(ParentRunner.java:325)
	at org.junit.runners.BlockJUnit4ClassRunner.runChild(BlockJUnit4ClassRunner.java:78)
	at org.junit.runners.BlockJUnit4ClassRunner.runChild(BlockJUnit4ClassRunner.java:57)
	at org.junit.runners.ParentRunner$3.run(ParentRunner.java:290)
	at org.junit.runners.ParentRunner$1.schedule(ParentRunner.java:71)
	at org.junit.runners.ParentRunner.runChildren(ParentRunner.java:288)
	at org.junit.runners.ParentRunner.access$000(ParentRunner.java:58)
	at org.junit.runners.ParentRunner$2.evaluate(ParentRunner.java:268)
	at org.junit.runners.ParentRunner.run(ParentRunner.java:363)
	at org.apache.maven.surefire.junit4.JUnit4Provider.execute(JUnit4Provider.java:367)
	at org.apache.maven.surefire.junit4.JUnit4Provider.executeWithRerun(JUnit4Provider.java:274)
	at org.apache.maven.surefire.junit4.JUnit4Provider.executeTestSet(JUnit4Provider.java:238)
	at org.apache.maven.surefire.junit4.JUnit4Provider.invoke(JUnit4Provider.java:161)
	at org.apache.maven.surefire.booter.ForkedBooter.invokeProviderInSameClassLoader(ForkedBooter.java:290)
	at org.apache.maven.surefire.booter.ForkedBooter.runSuitesInProcess(ForkedBooter.java:242)
	at org.apache.maven.surefire.booter.ForkedBooter.main(ForkedBooter.java:121)
Caused by: com.google.cloud.bigtable.grpc.scanner.BigtableRetriesExhaustedException: Exhausted streaming retries.
	at com.google.cloud.bigtable.grpc.scanner.ResumingStreamingResultScanner.next(ResumingStreamingResultScanner.java:89)
	at com.google.cloud.bigtable.grpc.scanner.ResumingStreamingResultScanner.next(ResumingStreamingResultScanner.java:34)
	at com.google.cloud.bigtable.hbase.adapters.read.BigtableResultScannerAdapter$1.next(BigtableResultScannerAdapter.java:57)
	at org.apache.hadoop.hbase.client.AbstractClientScanner$1.hasNext(AbstractClientScanner.java:94)
	... 31 more
Caused by: com.google.cloud.bigtable.grpc.io.IOExceptionWithStatus: Error in response stream
	at com.google.cloud.bigtable.grpc.scanner.ResultQueueEntry$ExceptionResultQueueEntry.getResponseOrThrow(ResultQueueEntry.java:88)
	at com.google.cloud.bigtable.grpc.scanner.ResponseQueueReader.getNextMergedRow(ResponseQueueReader.java:91)
	at com.google.cloud.bigtable.grpc.scanner.ResumingStreamingResultScanner.next(ResumingStreamingResultScanner.java:79)
	... 34 more
Caused by: com.google.bigtable.repackaged.io.grpc.StatusRuntimeException: PERMISSION_DENIED: User can't access: projects/codeuproject12345/instances/codeuinstance12345/tables/message
	at com.google.bigtable.repackaged.io.grpc.Status.asRuntimeException(Status.java:536)
	at com.google.cloud.bigtable.grpc.async.AbstractRetryingRpcListener.onClose(AbstractRetryingRpcListener.java:147)
	at com.google.cloud.bigtable.grpc.scanner.ReadRowsRetryListener.onClose(ReadRowsRetryListener.java:141)
	at com.google.cloud.bigtable.grpc.io.ChannelPool$InstrumentedChannel$2.onClose(ChannelPool.java:209)
	at com.google.bigtable.repackaged.io.grpc.internal.ClientCallImpl$ClientStreamListenerImpl.close(ClientCallImpl.java:481)
	at com.google.bigtable.repackaged.io.grpc.internal.ClientCallImpl$ClientStreamListenerImpl.access$600(ClientCallImpl.java:398)
	at com.google.bigtable.repackaged.io.grpc.internal.ClientCallImpl$ClientStreamListenerImpl$1StreamClosed.runInContext(ClientCallImpl.java:513)
	at com.google.bigtable.repackaged.io.grpc.internal.ContextRunnable.run(ContextRunnable.java:52)
	at com.google.bigtable.repackaged.io.grpc.internal.SerializingExecutor$TaskRunner.run(SerializingExecutor.java:154)
	at java.util.concurrent.ThreadPoolExecutor.runWorker(ThreadPoolExecutor.java:1142)
	at java.util.concurrent.ThreadPoolExecutor$Worker.run(ThreadPoolExecutor.java:617)
	at java.lang.Thread.run(Thread.java:745)

testAddConversation(codeu.chat.server.RawControllerTest)  Time elapsed: 1.032 sec  <<< ERROR!
java.lang.RuntimeException: com.google.cloud.bigtable.grpc.scanner.BigtableRetriesExhaustedException: Exhausted streaming retries.
	at org.apache.hadoop.hbase.client.AbstractClientScanner$1.hasNext(AbstractClientScanner.java:97)
	at codeu.chat.server.Model.updateMessages(Model.java:471)
	at codeu.chat.server.Model.messageById(Model.java:444)
	at codeu.chat.server.Controller.isIdInUse(Controller.java:275)
	at codeu.chat.server.Controller.isIdFree(Controller.java:281)
	at codeu.chat.server.Controller.newUser(Controller.java:145)
	at codeu.chat.server.RawControllerTest.testAddConversation(RawControllerTest.java:92)
	at sun.reflect.NativeMethodAccessorImpl.invoke0(Native Method)
	at sun.reflect.NativeMethodAccessorImpl.invoke(NativeMethodAccessorImpl.java:62)
	at sun.reflect.DelegatingMethodAccessorImpl.invoke(DelegatingMethodAccessorImpl.java:43)
	at java.lang.reflect.Method.invoke(Method.java:498)
	at org.junit.runners.model.FrameworkMethod$1.runReflectiveCall(FrameworkMethod.java:50)
	at org.junit.internal.runners.model.ReflectiveCallable.run(ReflectiveCallable.java:12)
	at org.junit.runners.model.FrameworkMethod.invokeExplosively(FrameworkMethod.java:47)
	at org.junit.internal.runners.statements.InvokeMethod.evaluate(InvokeMethod.java:17)
	at org.junit.internal.runners.statements.RunBefores.evaluate(RunBefores.java:26)
	at org.junit.runners.ParentRunner.runLeaf(ParentRunner.java:325)
	at org.junit.runners.BlockJUnit4ClassRunner.runChild(BlockJUnit4ClassRunner.java:78)
	at org.junit.runners.BlockJUnit4ClassRunner.runChild(BlockJUnit4ClassRunner.java:57)
	at org.junit.runners.ParentRunner$3.run(ParentRunner.java:290)
	at org.junit.runners.ParentRunner$1.schedule(ParentRunner.java:71)
	at org.junit.runners.ParentRunner.runChildren(ParentRunner.java:288)
	at org.junit.runners.ParentRunner.access$000(ParentRunner.java:58)
	at org.junit.runners.ParentRunner$2.evaluate(ParentRunner.java:268)
	at org.junit.runners.ParentRunner.run(ParentRunner.java:363)
	at org.apache.maven.surefire.junit4.JUnit4Provider.execute(JUnit4Provider.java:367)
	at org.apache.maven.surefire.junit4.JUnit4Provider.executeWithRerun(JUnit4Provider.java:274)
	at org.apache.maven.surefire.junit4.JUnit4Provider.executeTestSet(JUnit4Provider.java:238)
	at org.apache.maven.surefire.junit4.JUnit4Provider.invoke(JUnit4Provider.java:161)
	at org.apache.maven.surefire.booter.ForkedBooter.invokeProviderInSameClassLoader(ForkedBooter.java:290)
	at org.apache.maven.surefire.booter.ForkedBooter.runSuitesInProcess(ForkedBooter.java:242)
	at org.apache.maven.surefire.booter.ForkedBooter.main(ForkedBooter.java:121)
Caused by: com.google.cloud.bigtable.grpc.scanner.BigtableRetriesExhaustedException: Exhausted streaming retries.
	at com.google.cloud.bigtable.grpc.scanner.ResumingStreamingResultScanner.next(ResumingStreamingResultScanner.java:89)
	at com.google.cloud.bigtable.grpc.scanner.ResumingStreamingResultScanner.next(ResumingStreamingResultScanner.java:34)
	at com.google.cloud.bigtable.hbase.adapters.read.BigtableResultScannerAdapter$1.next(BigtableResultScannerAdapter.java:57)
	at org.apache.hadoop.hbase.client.AbstractClientScanner$1.hasNext(AbstractClientScanner.java:94)
	... 31 more
Caused by: com.google.cloud.bigtable.grpc.io.IOExceptionWithStatus: Error in response stream
	at com.google.cloud.bigtable.grpc.scanner.ResultQueueEntry$ExceptionResultQueueEntry.getResponseOrThrow(ResultQueueEntry.java:88)
	at com.google.cloud.bigtable.grpc.scanner.ResponseQueueReader.getNextMergedRow(ResponseQueueReader.java:91)
	at com.google.cloud.bigtable.grpc.scanner.ResumingStreamingResultScanner.next(ResumingStreamingResultScanner.java:79)
	... 34 more
Caused by: com.google.bigtable.repackaged.io.grpc.StatusRuntimeException: PERMISSION_DENIED: User can't access: projects/codeuproject12345/instances/codeuinstance12345/tables/message
	at com.google.bigtable.repackaged.io.grpc.Status.asRuntimeException(Status.java:536)
	at com.google.cloud.bigtable.grpc.async.AbstractRetryingRpcListener.onClose(AbstractRetryingRpcListener.java:147)
	at com.google.cloud.bigtable.grpc.scanner.ReadRowsRetryListener.onClose(ReadRowsRetryListener.java:141)
	at com.google.cloud.bigtable.grpc.io.ChannelPool$InstrumentedChannel$2.onClose(ChannelPool.java:209)
	at com.google.bigtable.repackaged.io.grpc.internal.ClientCallImpl$ClientStreamListenerImpl.close(ClientCallImpl.java:481)
	at com.google.bigtable.repackaged.io.grpc.internal.ClientCallImpl$ClientStreamListenerImpl.access$600(ClientCallImpl.java:398)
	at com.google.bigtable.repackaged.io.grpc.internal.ClientCallImpl$ClientStreamListenerImpl$1StreamClosed.runInContext(ClientCallImpl.java:513)
	at com.google.bigtable.repackaged.io.grpc.internal.ContextRunnable.run(ContextRunnable.java:52)
	at com.google.bigtable.repackaged.io.grpc.internal.SerializingExecutor$TaskRunner.run(SerializingExecutor.java:154)
	at java.util.concurrent.ThreadPoolExecutor.runWorker(ThreadPoolExecutor.java:1142)
	at java.util.concurrent.ThreadPoolExecutor$Worker.run(ThreadPoolExecutor.java:617)
	at java.lang.Thread.run(Thread.java:745)

testAddUser(codeu.chat.server.RawControllerTest)  Time elapsed: 0.91 sec  <<< ERROR!
java.lang.RuntimeException: com.google.cloud.bigtable.grpc.scanner.BigtableRetriesExhaustedException: Exhausted streaming retries.
	at org.apache.hadoop.hbase.client.AbstractClientScanner$1.hasNext(AbstractClientScanner.java:97)
	at codeu.chat.server.Model.updateMessages(Model.java:471)
	at codeu.chat.server.Model.messageById(Model.java:444)
	at codeu.chat.server.Controller.isIdInUse(Controller.java:275)
	at codeu.chat.server.Controller.isIdFree(Controller.java:281)
	at codeu.chat.server.Controller.newUser(Controller.java:145)
	at codeu.chat.server.RawControllerTest.testAddUser(RawControllerTest.java:55)
	at sun.reflect.NativeMethodAccessorImpl.invoke0(Native Method)
	at sun.reflect.NativeMethodAccessorImpl.invoke(NativeMethodAccessorImpl.java:62)
	at sun.reflect.DelegatingMethodAccessorImpl.invoke(DelegatingMethodAccessorImpl.java:43)
	at java.lang.reflect.Method.invoke(Method.java:498)
	at org.junit.runners.model.FrameworkMethod$1.runReflectiveCall(FrameworkMethod.java:50)
	at org.junit.internal.runners.model.ReflectiveCallable.run(ReflectiveCallable.java:12)
	at org.junit.runners.model.FrameworkMethod.invokeExplosively(FrameworkMethod.java:47)
	at org.junit.internal.runners.statements.InvokeMethod.evaluate(InvokeMethod.java:17)
	at org.junit.internal.runners.statements.RunBefores.evaluate(RunBefores.java:26)
	at org.junit.runners.ParentRunner.runLeaf(ParentRunner.java:325)
	at org.junit.runners.BlockJUnit4ClassRunner.runChild(BlockJUnit4ClassRunner.java:78)
	at org.junit.runners.BlockJUnit4ClassRunner.runChild(BlockJUnit4ClassRunner.java:57)
	at org.junit.runners.ParentRunner$3.run(ParentRunner.java:290)
	at org.junit.runners.ParentRunner$1.schedule(ParentRunner.java:71)
	at org.junit.runners.ParentRunner.runChildren(ParentRunner.java:288)
	at org.junit.runners.ParentRunner.access$000(ParentRunner.java:58)
	at org.junit.runners.ParentRunner$2.evaluate(ParentRunner.java:268)
	at org.junit.runners.ParentRunner.run(ParentRunner.java:363)
	at org.apache.maven.surefire.junit4.JUnit4Provider.execute(JUnit4Provider.java:367)
	at org.apache.maven.surefire.junit4.JUnit4Provider.executeWithRerun(JUnit4Provider.java:274)
	at org.apache.maven.surefire.junit4.JUnit4Provider.executeTestSet(JUnit4Provider.java:238)
	at org.apache.maven.surefire.junit4.JUnit4Provider.invoke(JUnit4Provider.java:161)
	at org.apache.maven.surefire.booter.ForkedBooter.invokeProviderInSameClassLoader(ForkedBooter.java:290)
	at org.apache.maven.surefire.booter.ForkedBooter.runSuitesInProcess(ForkedBooter.java:242)
	at org.apache.maven.surefire.booter.ForkedBooter.main(ForkedBooter.java:121)
Caused by: com.google.cloud.bigtable.grpc.scanner.BigtableRetriesExhaustedException: Exhausted streaming retries.
	at com.google.cloud.bigtable.grpc.scanner.ResumingStreamingResultScanner.next(ResumingStreamingResultScanner.java:89)
	at com.google.cloud.bigtable.grpc.scanner.ResumingStreamingResultScanner.next(ResumingStreamingResultScanner.java:34)
	at com.google.cloud.bigtable.hbase.adapters.read.BigtableResultScannerAdapter$1.next(BigtableResultScannerAdapter.java:57)
	at org.apache.hadoop.hbase.client.AbstractClientScanner$1.hasNext(AbstractClientScanner.java:94)
	... 31 more
Caused by: com.google.cloud.bigtable.grpc.io.IOExceptionWithStatus: Error in response stream
	at com.google.cloud.bigtable.grpc.scanner.ResultQueueEntry$ExceptionResultQueueEntry.getResponseOrThrow(ResultQueueEntry.java:88)
	at com.google.cloud.bigtable.grpc.scanner.ResponseQueueReader.getNextMergedRow(ResponseQueueReader.java:91)
	at com.google.cloud.bigtable.grpc.scanner.ResumingStreamingResultScanner.next(ResumingStreamingResultScanner.java:79)
	... 34 more
Caused by: com.google.bigtable.repackaged.io.grpc.StatusRuntimeException: PERMISSION_DENIED: User can't access: projects/codeuproject12345/instances/codeuinstance12345/tables/message
	at com.google.bigtable.repackaged.io.grpc.Status.asRuntimeException(Status.java:536)
	at com.google.cloud.bigtable.grpc.async.AbstractRetryingRpcListener.onClose(AbstractRetryingRpcListener.java:147)
	at com.google.cloud.bigtable.grpc.scanner.ReadRowsRetryListener.onClose(ReadRowsRetryListener.java:141)
	at com.google.cloud.bigtable.grpc.io.ChannelPool$InstrumentedChannel$2.onClose(ChannelPool.java:209)
	at com.google.bigtable.repackaged.io.grpc.internal.ClientCallImpl$ClientStreamListenerImpl.close(ClientCallImpl.java:481)
	at com.google.bigtable.repackaged.io.grpc.internal.ClientCallImpl$ClientStreamListenerImpl.access$600(ClientCallImpl.java:398)
	at com.google.bigtable.repackaged.io.grpc.internal.ClientCallImpl$ClientStreamListenerImpl$1StreamClosed.runInContext(ClientCallImpl.java:513)
	at com.google.bigtable.repackaged.io.grpc.internal.ContextRunnable.run(ContextRunnable.java:52)
	at com.google.bigtable.repackaged.io.grpc.internal.SerializingExecutor$TaskRunner.run(SerializingExecutor.java:154)
	at java.util.concurrent.ThreadPoolExecutor.runWorker(ThreadPoolExecutor.java:1142)
	at java.util.concurrent.ThreadPoolExecutor$Worker.run(ThreadPoolExecutor.java:617)
	at java.lang.Thread.run(Thread.java:745)

testAddGroup(codeu.chat.server.RawControllerTest)  Time elapsed: 0.856 sec  <<< ERROR!
java.lang.RuntimeException: com.google.cloud.bigtable.grpc.scanner.BigtableRetriesExhaustedException: Exhausted streaming retries.
	at org.apache.hadoop.hbase.client.AbstractClientScanner$1.hasNext(AbstractClientScanner.java:97)
	at codeu.chat.server.Model.updateMessages(Model.java:471)
	at codeu.chat.server.Model.messageById(Model.java:444)
	at codeu.chat.server.Controller.isIdInUse(Controller.java:275)
	at codeu.chat.server.Controller.isIdFree(Controller.java:281)
	at codeu.chat.server.Controller.newUser(Controller.java:145)
	at codeu.chat.server.RawControllerTest.testAddGroup(RawControllerTest.java:181)
	at sun.reflect.NativeMethodAccessorImpl.invoke0(Native Method)
	at sun.reflect.NativeMethodAccessorImpl.invoke(NativeMethodAccessorImpl.java:62)
	at sun.reflect.DelegatingMethodAccessorImpl.invoke(DelegatingMethodAccessorImpl.java:43)
	at java.lang.reflect.Method.invoke(Method.java:498)
	at org.junit.runners.model.FrameworkMethod$1.runReflectiveCall(FrameworkMethod.java:50)
	at org.junit.internal.runners.model.ReflectiveCallable.run(ReflectiveCallable.java:12)
	at org.junit.runners.model.FrameworkMethod.invokeExplosively(FrameworkMethod.java:47)
	at org.junit.internal.runners.statements.InvokeMethod.evaluate(InvokeMethod.java:17)
	at org.junit.internal.runners.statements.RunBefores.evaluate(RunBefores.java:26)
	at org.junit.runners.ParentRunner.runLeaf(ParentRunner.java:325)
	at org.junit.runners.BlockJUnit4ClassRunner.runChild(BlockJUnit4ClassRunner.java:78)
	at org.junit.runners.BlockJUnit4ClassRunner.runChild(BlockJUnit4ClassRunner.java:57)
	at org.junit.runners.ParentRunner$3.run(ParentRunner.java:290)
	at org.junit.runners.ParentRunner$1.schedule(ParentRunner.java:71)
	at org.junit.runners.ParentRunner.runChildren(ParentRunner.java:288)
	at org.junit.runners.ParentRunner.access$000(ParentRunner.java:58)
	at org.junit.runners.ParentRunner$2.evaluate(ParentRunner.java:268)
	at org.junit.runners.ParentRunner.run(ParentRunner.java:363)
	at org.apache.maven.surefire.junit4.JUnit4Provider.execute(JUnit4Provider.java:367)
	at org.apache.maven.surefire.junit4.JUnit4Provider.executeWithRerun(JUnit4Provider.java:274)
	at org.apache.maven.surefire.junit4.JUnit4Provider.executeTestSet(JUnit4Provider.java:238)
	at org.apache.maven.surefire.junit4.JUnit4Provider.invoke(JUnit4Provider.java:161)
	at org.apache.maven.surefire.booter.ForkedBooter.invokeProviderInSameClassLoader(ForkedBooter.java:290)
	at org.apache.maven.surefire.booter.ForkedBooter.runSuitesInProcess(ForkedBooter.java:242)
	at org.apache.maven.surefire.booter.ForkedBooter.main(ForkedBooter.java:121)
Caused by: com.google.cloud.bigtable.grpc.scanner.BigtableRetriesExhaustedException: Exhausted streaming retries.
	at com.google.cloud.bigtable.grpc.scanner.ResumingStreamingResultScanner.next(ResumingStreamingResultScanner.java:89)
	at com.google.cloud.bigtable.grpc.scanner.ResumingStreamingResultScanner.next(ResumingStreamingResultScanner.java:34)
	at com.google.cloud.bigtable.hbase.adapters.read.BigtableResultScannerAdapter$1.next(BigtableResultScannerAdapter.java:57)
	at org.apache.hadoop.hbase.client.AbstractClientScanner$1.hasNext(AbstractClientScanner.java:94)
	... 31 more
Caused by: com.google.cloud.bigtable.grpc.io.IOExceptionWithStatus: Error in response stream
	at com.google.cloud.bigtable.grpc.scanner.ResultQueueEntry$ExceptionResultQueueEntry.getResponseOrThrow(ResultQueueEntry.java:88)
	at com.google.cloud.bigtable.grpc.scanner.ResponseQueueReader.getNextMergedRow(ResponseQueueReader.java:91)
	at com.google.cloud.bigtable.grpc.scanner.ResumingStreamingResultScanner.next(ResumingStreamingResultScanner.java:79)
	... 34 more
Caused by: com.google.bigtable.repackaged.io.grpc.StatusRuntimeException: PERMISSION_DENIED: User can't access: projects/codeuproject12345/instances/codeuinstance12345/tables/message
	at com.google.bigtable.repackaged.io.grpc.Status.asRuntimeException(Status.java:536)
	at com.google.cloud.bigtable.grpc.async.AbstractRetryingRpcListener.onClose(AbstractRetryingRpcListener.java:147)
	at com.google.cloud.bigtable.grpc.scanner.ReadRowsRetryListener.onClose(ReadRowsRetryListener.java:141)
	at com.google.cloud.bigtable.grpc.io.ChannelPool$InstrumentedChannel$2.onClose(ChannelPool.java:209)
	at com.google.bigtable.repackaged.io.grpc.internal.ClientCallImpl$ClientStreamListenerImpl.close(ClientCallImpl.java:481)
	at com.google.bigtable.repackaged.io.grpc.internal.ClientCallImpl$ClientStreamListenerImpl.access$600(ClientCallImpl.java:398)
	at com.google.bigtable.repackaged.io.grpc.internal.ClientCallImpl$ClientStreamListenerImpl$1StreamClosed.runInContext(ClientCallImpl.java:513)
	at com.google.bigtable.repackaged.io.grpc.internal.ContextRunnable.run(ContextRunnable.java:52)
	at com.google.bigtable.repackaged.io.grpc.internal.SerializingExecutor$TaskRunner.run(SerializingExecutor.java:154)
	at java.util.concurrent.ThreadPoolExecutor.runWorker(ThreadPoolExecutor.java:1142)
	at java.util.concurrent.ThreadPoolExecutor$Worker.run(ThreadPoolExecutor.java:617)
	at java.lang.Thread.run(Thread.java:745)

testDeleteUser(codeu.chat.server.RawControllerTest)  Time elapsed: 0.799 sec  <<< ERROR!
java.lang.RuntimeException: com.google.cloud.bigtable.grpc.scanner.BigtableRetriesExhaustedException: Exhausted streaming retries.
	at org.apache.hadoop.hbase.client.AbstractClientScanner$1.hasNext(AbstractClientScanner.java:97)
	at codeu.chat.server.Model.updateMessages(Model.java:471)
	at codeu.chat.server.Model.messageById(Model.java:444)
	at codeu.chat.server.Controller.isIdInUse(Controller.java:275)
	at codeu.chat.server.Controller.isIdFree(Controller.java:281)
	at codeu.chat.server.Controller.newUser(Controller.java:145)
	at codeu.chat.server.RawControllerTest.testDeleteUser(RawControllerTest.java:70)
	at sun.reflect.NativeMethodAccessorImpl.invoke0(Native Method)
	at sun.reflect.NativeMethodAccessorImpl.invoke(NativeMethodAccessorImpl.java:62)
	at sun.reflect.DelegatingMethodAccessorImpl.invoke(DelegatingMethodAccessorImpl.java:43)
	at java.lang.reflect.Method.invoke(Method.java:498)
	at org.junit.runners.model.FrameworkMethod$1.runReflectiveCall(FrameworkMethod.java:50)
	at org.junit.internal.runners.model.ReflectiveCallable.run(ReflectiveCallable.java:12)
	at org.junit.runners.model.FrameworkMethod.invokeExplosively(FrameworkMethod.java:47)
	at org.junit.internal.runners.statements.InvokeMethod.evaluate(InvokeMethod.java:17)
	at org.junit.internal.runners.statements.RunBefores.evaluate(RunBefores.java:26)
	at org.junit.runners.ParentRunner.runLeaf(ParentRunner.java:325)
	at org.junit.runners.BlockJUnit4ClassRunner.runChild(BlockJUnit4ClassRunner.java:78)
	at org.junit.runners.BlockJUnit4ClassRunner.runChild(BlockJUnit4ClassRunner.java:57)
	at org.junit.runners.ParentRunner$3.run(ParentRunner.java:290)
	at org.junit.runners.ParentRunner$1.schedule(ParentRunner.java:71)
	at org.junit.runners.ParentRunner.runChildren(ParentRunner.java:288)
	at org.junit.runners.ParentRunner.access$000(ParentRunner.java:58)
	at org.junit.runners.ParentRunner$2.evaluate(ParentRunner.java:268)
	at org.junit.runners.ParentRunner.run(ParentRunner.java:363)
	at org.apache.maven.surefire.junit4.JUnit4Provider.execute(JUnit4Provider.java:367)
	at org.apache.maven.surefire.junit4.JUnit4Provider.executeWithRerun(JUnit4Provider.java:274)
	at org.apache.maven.surefire.junit4.JUnit4Provider.executeTestSet(JUnit4Provider.java:238)
	at org.apache.maven.surefire.junit4.JUnit4Provider.invoke(JUnit4Provider.java:161)
	at org.apache.maven.surefire.booter.ForkedBooter.invokeProviderInSameClassLoader(ForkedBooter.java:290)
	at org.apache.maven.surefire.booter.ForkedBooter.runSuitesInProcess(ForkedBooter.java:242)
	at org.apache.maven.surefire.booter.ForkedBooter.main(ForkedBooter.java:121)
Caused by: com.google.cloud.bigtable.grpc.scanner.BigtableRetriesExhaustedException: Exhausted streaming retries.
	at com.google.cloud.bigtable.grpc.scanner.ResumingStreamingResultScanner.next(ResumingStreamingResultScanner.java:89)
	at com.google.cloud.bigtable.grpc.scanner.ResumingStreamingResultScanner.next(ResumingStreamingResultScanner.java:34)
	at com.google.cloud.bigtable.hbase.adapters.read.BigtableResultScannerAdapter$1.next(BigtableResultScannerAdapter.java:57)
	at org.apache.hadoop.hbase.client.AbstractClientScanner$1.hasNext(AbstractClientScanner.java:94)
	... 31 more
Caused by: com.google.cloud.bigtable.grpc.io.IOExceptionWithStatus: Error in response stream
	at com.google.cloud.bigtable.grpc.scanner.ResultQueueEntry$ExceptionResultQueueEntry.getResponseOrThrow(ResultQueueEntry.java:88)
	at com.google.cloud.bigtable.grpc.scanner.ResponseQueueReader.getNextMergedRow(ResponseQueueReader.java:91)
	at com.google.cloud.bigtable.grpc.scanner.ResumingStreamingResultScanner.next(ResumingStreamingResultScanner.java:79)
	... 34 more
Caused by: com.google.bigtable.repackaged.io.grpc.StatusRuntimeException: PERMISSION_DENIED: User can't access: projects/codeuproject12345/instances/codeuinstance12345/tables/message
	at com.google.bigtable.repackaged.io.grpc.Status.asRuntimeException(Status.java:536)
	at com.google.cloud.bigtable.grpc.async.AbstractRetryingRpcListener.onClose(AbstractRetryingRpcListener.java:147)
	at com.google.cloud.bigtable.grpc.scanner.ReadRowsRetryListener.onClose(ReadRowsRetryListener.java:141)
	at com.google.cloud.bigtable.grpc.io.ChannelPool$InstrumentedChannel$2.onClose(ChannelPool.java:209)
	at com.google.bigtable.repackaged.io.grpc.internal.ClientCallImpl$ClientStreamListenerImpl.close(ClientCallImpl.java:481)
	at com.google.bigtable.repackaged.io.grpc.internal.ClientCallImpl$ClientStreamListenerImpl.access$600(ClientCallImpl.java:398)
	at com.google.bigtable.repackaged.io.grpc.internal.ClientCallImpl$ClientStreamListenerImpl$1StreamClosed.runInContext(ClientCallImpl.java:513)
	at com.google.bigtable.repackaged.io.grpc.internal.ContextRunnable.run(ContextRunnable.java:52)
	at com.google.bigtable.repackaged.io.grpc.internal.SerializingExecutor$TaskRunner.run(SerializingExecutor.java:154)
	at java.util.concurrent.ThreadPoolExecutor.runWorker(ThreadPoolExecutor.java:1142)
	at java.util.concurrent.ThreadPoolExecutor$Worker.run(ThreadPoolExecutor.java:617)
	at java.lang.Thread.run(Thread.java:745)

testDeleteConversation(codeu.chat.server.RawControllerTest)  Time elapsed: 1.008 sec  <<< ERROR!
java.lang.RuntimeException: com.google.cloud.bigtable.grpc.scanner.BigtableRetriesExhaustedException: Exhausted streaming retries.
	at org.apache.hadoop.hbase.client.AbstractClientScanner$1.hasNext(AbstractClientScanner.java:97)
	at codeu.chat.server.Model.updateMessages(Model.java:471)
	at codeu.chat.server.Model.messageById(Model.java:444)
	at codeu.chat.server.Controller.isIdInUse(Controller.java:275)
	at codeu.chat.server.Controller.isIdFree(Controller.java:281)
	at codeu.chat.server.Controller.newUser(Controller.java:145)
	at codeu.chat.server.RawControllerTest.testDeleteConversation(RawControllerTest.java:132)
	at sun.reflect.NativeMethodAccessorImpl.invoke0(Native Method)
	at sun.reflect.NativeMethodAccessorImpl.invoke(NativeMethodAccessorImpl.java:62)
	at sun.reflect.DelegatingMethodAccessorImpl.invoke(DelegatingMethodAccessorImpl.java:43)
	at java.lang.reflect.Method.invoke(Method.java:498)
	at org.junit.runners.model.FrameworkMethod$1.runReflectiveCall(FrameworkMethod.java:50)
	at org.junit.internal.runners.model.ReflectiveCallable.run(ReflectiveCallable.java:12)
	at org.junit.runners.model.FrameworkMethod.invokeExplosively(FrameworkMethod.java:47)
	at org.junit.internal.runners.statements.InvokeMethod.evaluate(InvokeMethod.java:17)
	at org.junit.internal.runners.statements.RunBefores.evaluate(RunBefores.java:26)
	at org.junit.runners.ParentRunner.runLeaf(ParentRunner.java:325)
	at org.junit.runners.BlockJUnit4ClassRunner.runChild(BlockJUnit4ClassRunner.java:78)
	at org.junit.runners.BlockJUnit4ClassRunner.runChild(BlockJUnit4ClassRunner.java:57)
	at org.junit.runners.ParentRunner$3.run(ParentRunner.java:290)
	at org.junit.runners.ParentRunner$1.schedule(ParentRunner.java:71)
	at org.junit.runners.ParentRunner.runChildren(ParentRunner.java:288)
	at org.junit.runners.ParentRunner.access$000(ParentRunner.java:58)
	at org.junit.runners.ParentRunner$2.evaluate(ParentRunner.java:268)
	at org.junit.runners.ParentRunner.run(ParentRunner.java:363)
	at org.apache.maven.surefire.junit4.JUnit4Provider.execute(JUnit4Provider.java:367)
	at org.apache.maven.surefire.junit4.JUnit4Provider.executeWithRerun(JUnit4Provider.java:274)
	at org.apache.maven.surefire.junit4.JUnit4Provider.executeTestSet(JUnit4Provider.java:238)
	at org.apache.maven.surefire.junit4.JUnit4Provider.invoke(JUnit4Provider.java:161)
	at org.apache.maven.surefire.booter.ForkedBooter.invokeProviderInSameClassLoader(ForkedBooter.java:290)
	at org.apache.maven.surefire.booter.ForkedBooter.runSuitesInProcess(ForkedBooter.java:242)
	at org.apache.maven.surefire.booter.ForkedBooter.main(ForkedBooter.java:121)
Caused by: com.google.cloud.bigtable.grpc.scanner.BigtableRetriesExhaustedException: Exhausted streaming retries.
	at com.google.cloud.bigtable.grpc.scanner.ResumingStreamingResultScanner.next(ResumingStreamingResultScanner.java:89)
	at com.google.cloud.bigtable.grpc.scanner.ResumingStreamingResultScanner.next(ResumingStreamingResultScanner.java:34)
	at com.google.cloud.bigtable.hbase.adapters.read.BigtableResultScannerAdapter$1.next(BigtableResultScannerAdapter.java:57)
	at org.apache.hadoop.hbase.client.AbstractClientScanner$1.hasNext(AbstractClientScanner.java:94)
	... 31 more
Caused by: com.google.cloud.bigtable.grpc.io.IOExceptionWithStatus: Error in response stream
	at com.google.cloud.bigtable.grpc.scanner.ResultQueueEntry$ExceptionResultQueueEntry.getResponseOrThrow(ResultQueueEntry.java:88)
	at com.google.cloud.bigtable.grpc.scanner.ResponseQueueReader.getNextMergedRow(ResponseQueueReader.java:91)
	at com.google.cloud.bigtable.grpc.scanner.ResumingStreamingResultScanner.next(ResumingStreamingResultScanner.java:79)
	... 34 more
Caused by: com.google.bigtable.repackaged.io.grpc.StatusRuntimeException: PERMISSION_DENIED: User can't access: projects/codeuproject12345/instances/codeuinstance12345/tables/message
	at com.google.bigtable.repackaged.io.grpc.Status.asRuntimeException(Status.java:536)
	at com.google.cloud.bigtable.grpc.async.AbstractRetryingRpcListener.onClose(AbstractRetryingRpcListener.java:147)
	at com.google.cloud.bigtable.grpc.scanner.ReadRowsRetryListener.onClose(ReadRowsRetryListener.java:141)
	at com.google.cloud.bigtable.grpc.io.ChannelPool$InstrumentedChannel$2.onClose(ChannelPool.java:209)
	at com.google.bigtable.repackaged.io.grpc.internal.ClientCallImpl$ClientStreamListenerImpl.close(ClientCallImpl.java:481)
	at com.google.bigtable.repackaged.io.grpc.internal.ClientCallImpl$ClientStreamListenerImpl.access$600(ClientCallImpl.java:398)
	at com.google.bigtable.repackaged.io.grpc.internal.ClientCallImpl$ClientStreamListenerImpl$1StreamClosed.runInContext(ClientCallImpl.java:513)
	at com.google.bigtable.repackaged.io.grpc.internal.ContextRunnable.run(ContextRunnable.java:52)
	at com.google.bigtable.repackaged.io.grpc.internal.SerializingExecutor$TaskRunner.run(SerializingExecutor.java:154)
	at java.util.concurrent.ThreadPoolExecutor.runWorker(ThreadPoolExecutor.java:1142)
	at java.util.concurrent.ThreadPoolExecutor$Worker.run(ThreadPoolExecutor.java:617)
	at java.lang.Thread.run(Thread.java:745)

