<?xml version="1.0" encoding="UTF-8"?>
<testsuite xmlns:xsi="http://www.w3.org/2001/XMLSchema-instance" xsi:schemaLocation="https://maven.apache.org/surefire/maven-surefire-plugin/xsd/surefire-test-report.xsd" name="codeu.chat.server.RawControllerTest" time="133.609" tests="6" errors="0" skipped="0" failures="6">
  <properties>
[...]
</properties>
  <testcase name="testAddMessage" classname="codeu.chat.server.RawControllerTest" time="59.995">
    <failure message="Check that the message has a valid reference" type="java.lang.AssertionError">java.lang.AssertionError: Check that the message has a valid reference
	at org.junit.Assert.fail(Assert.java:88)
	at org.junit.Assert.assertTrue(Assert.java:41)
	at org.junit.Assert.assertFalse(Assert.java:64)
	at codeu.chat.server.RawControllerTest.testAddMessage(RawControllerTest.java:250)
	at sun.reflect.NativeMethodAccessorImpl.invoke0(Native Method)
	at sun.reflect.NativeMethodAccessorImpl.invoke(NativeMethodAccessorImpl.java:62)
	at sun.reflect.DelegatingMethodAccessorImpl.invoke(DelegatingMethodAccessorImpl.java:43)
	at java.lang.reflect.Method.invoke(Method.java:498)
	at org.junit.runners.model.FrameworkMethod$1.runReflectiveCall(FrameworkMethod.java:50)
	at org.junit.internal.runners.model.ReflectiveCallable.run(ReflectiveCallable.java:12)
	at org.junit.runners.model.FrameworkMethod.invokeExplosively(FrameworkMethod.java:47)
	at org.junit.internal.runners.statements.InvokeMethod.evaluate(InvokeMethod.java:17)
	at org.junit.internal.runners.statements.RunBefores.evaluate(RunBefores.java:26)
	at org.junit.runners.ParentRunner.runLeaf(ParentRunner.java:325)
	at org.junit.runners.BlockJUnit4ClassRunner.runChild(BlockJUnit4ClassRunner.java:78)
	at org.junit.runners.BlockJUnit4ClassRunner.runChild(BlockJUnit4ClassRunner.java:57)
	at org.junit.runners.ParentRunner$3.run(ParentRunner.java:290)
	at org.junit.runners.ParentRunner$1.schedule(ParentRunner.java:71)
	at org.junit.runners.ParentRunner.runChildren(ParentRunner.java:288)
	at org.junit.runners.ParentRunner.access$000(ParentRunner.java:58)
	at org.junit.runners.ParentRunner$2.evaluate(ParentRunner.java:268)
	at org.junit.runners.ParentRunner.run(ParentRunner.java:363)
	at org.apache.maven.surefire.junit4.JUnit4Provider.execute(JUnit4Provider.java:367)
	at org.apache.maven.surefire.junit4.JUnit4Provider.executeWithRerun(JUnit4Provider.java:274)
	at org.apache.maven.surefire.junit4.JUnit4Provider.executeTestSet(JUnit4Provider.java:238)
	at org.apache.maven.surefire.junit4.JUnit4Provider.invoke(JUnit4Provider.java:161)
	at org.apache.maven.surefire.booter.ForkedBooter.invokeProviderInSameClassLoader(ForkedBooter.java:290)
	at org.apache.maven.surefire.booter.ForkedBooter.runSuitesInProcess(ForkedBooter.java:242)
	at org.apache.maven.surefire.booter.ForkedBooter.main(ForkedBooter.java:121)
</failure>
    <system-out><![CDATA[Scan for all messages:
Scan for all conversations:
Scan for all groups:
Scan for all users:
Scan for all users:
Scan for all messages:
Scan for all conversations:
Scan for all groups:
Scan for all users:
Scan for all users:
Scan for all messages:
Scan for all conversations:
Scan for all groups:
Scan for all users:
Scan for all users:
Scan for all conversations:
Scan for all messages:
]]></system-out>
    <system-err><![CDATA[Jun 04, 2017 1:29:06 PM com.google.bigtable.repackaged.io.grpc.internal.ManagedChannelImpl <init>
INFO: [ManagedChannelImpl@141229f6] Created with target bigtable.googleapis.com:443
Jun 04, 2017 1:29:06 PM com.google.bigtable.repackaged.io.grpc.internal.ManagedChannelImpl <init>
INFO: [ManagedChannelImpl@723b8eff] Created with target bigtable.googleapis.com:443
Jun 04, 2017 1:29:06 PM com.google.bigtable.repackaged.io.grpc.internal.ManagedChannelImpl <init>
INFO: [ManagedChannelImpl@3987a1e8] Created with target bigtable.googleapis.com:443
Jun 04, 2017 1:29:06 PM com.google.bigtable.repackaged.io.grpc.internal.ManagedChannelImpl <init>
INFO: [ManagedChannelImpl@20d65767] Created with target bigtable.googleapis.com:443
Jun 04, 2017 1:29:06 PM com.google.bigtable.repackaged.io.grpc.internal.ManagedChannelImpl <init>
INFO: [ManagedChannelImpl@250e8712] Created with target bigtable.googleapis.com:443
Jun 04, 2017 1:29:06 PM com.google.bigtable.repackaged.io.grpc.internal.ManagedChannelImpl <init>
INFO: [ManagedChannelImpl@becb93a] Created with target bigtable.googleapis.com:443
Jun 04, 2017 1:29:06 PM com.google.bigtable.repackaged.io.grpc.internal.ManagedChannelImpl <init>
INFO: [ManagedChannelImpl@f60c14e] Created with target bigtable.googleapis.com:443
Jun 04, 2017 1:29:06 PM com.google.bigtable.repackaged.io.grpc.internal.ManagedChannelImpl <init>
INFO: [ManagedChannelImpl@1d1fd2aa] Created with target bigtable.googleapis.com:443
Jun 04, 2017 1:29:06 PM com.google.bigtable.repackaged.io.grpc.internal.ManagedChannelImpl <init>
INFO: [ManagedChannelImpl@4c78e00c] Created with target bigtable.googleapis.com:443
Jun 04, 2017 1:29:06 PM com.google.bigtable.repackaged.io.grpc.internal.ManagedChannelImpl <init>
INFO: [ManagedChannelImpl@22b3b5d0] Created with target bigtable.googleapis.com:443
Jun 04, 2017 1:29:07 PM com.google.bigtable.repackaged.io.grpc.internal.ManagedChannelImpl maybeTerminateChannel
INFO: [ManagedChannelImpl@723b8eff] Terminated
Jun 04, 2017 1:29:07 PM com.google.bigtable.repackaged.io.grpc.internal.ManagedChannelImpl maybeTerminateChannel
INFO: [ManagedChannelImpl@3987a1e8] Terminated
Jun 04, 2017 1:29:07 PM com.google.bigtable.repackaged.io.grpc.internal.ManagedChannelImpl maybeTerminateChannel
INFO: [ManagedChannelImpl@20d65767] Terminated
Jun 04, 2017 1:29:07 PM com.google.bigtable.repackaged.io.grpc.internal.ManagedChannelImpl maybeTerminateChannel
INFO: [ManagedChannelImpl@250e8712] Terminated
Jun 04, 2017 1:29:07 PM com.google.bigtable.repackaged.io.grpc.internal.ManagedChannelImpl maybeTerminateChannel
INFO: [ManagedChannelImpl@becb93a] Terminated
Jun 04, 2017 1:29:07 PM com.google.bigtable.repackaged.io.grpc.internal.ManagedChannelImpl maybeTerminateChannel
INFO: [ManagedChannelImpl@141229f6] Terminated
Jun 04, 2017 1:29:07 PM com.google.bigtable.repackaged.io.grpc.internal.ManagedChannelImpl maybeTerminateChannel
INFO: [ManagedChannelImpl@f60c14e] Terminated
Jun 04, 2017 1:29:07 PM com.google.bigtable.repackaged.io.grpc.internal.ManagedChannelImpl maybeTerminateChannel
INFO: [ManagedChannelImpl@1d1fd2aa] Terminated
Jun 04, 2017 1:29:07 PM com.google.bigtable.repackaged.io.grpc.internal.ManagedChannelImpl maybeTerminateChannel
INFO: [ManagedChannelImpl@4c78e00c] Terminated
Jun 04, 2017 1:29:07 PM com.google.bigtable.repackaged.io.grpc.internal.ManagedChannelImpl maybeTerminateChannel
INFO: [ManagedChannelImpl@22b3b5d0] Terminated
Jun 04, 2017 1:29:07 PM com.google.bigtable.repackaged.io.grpc.internal.ManagedChannelImpl <init>
INFO: [ManagedChannelImpl@7c68a63c] Created with target bigtable.googleapis.com:443
Jun 04, 2017 1:29:07 PM com.google.bigtable.repackaged.io.grpc.internal.ManagedChannelImpl <init>
INFO: [ManagedChannelImpl@5443086a] Created with target bigtable.googleapis.com:443
Jun 04, 2017 1:29:07 PM com.google.bigtable.repackaged.io.grpc.internal.ManagedChannelImpl <init>
INFO: [ManagedChannelImpl@5740ad76] Created with target bigtable.googleapis.com:443
Jun 04, 2017 1:29:07 PM com.google.bigtable.repackaged.io.grpc.internal.ManagedChannelImpl <init>
INFO: [ManagedChannelImpl@40a84ea8] Created with target bigtable.googleapis.com:443
Jun 04, 2017 1:29:07 PM com.google.bigtable.repackaged.io.grpc.internal.ManagedChannelImpl <init>
INFO: [ManagedChannelImpl@79c849c7] Created with target bigtable.googleapis.com:443
Jun 04, 2017 1:29:07 PM com.google.bigtable.repackaged.io.grpc.internal.ManagedChannelImpl <init>
INFO: [ManagedChannelImpl@35840ecc] Created with target bigtable.googleapis.com:443
Jun 04, 2017 1:29:07 PM com.google.bigtable.repackaged.io.grpc.internal.ManagedChannelImpl <init>
INFO: [ManagedChannelImpl@67fd2e17] Created with target bigtable.googleapis.com:443
Jun 04, 2017 1:29:07 PM com.google.bigtable.repackaged.io.grpc.internal.ManagedChannelImpl <init>
INFO: [ManagedChannelImpl@65a2e14e] Created with target bigtable.googleapis.com:443
Jun 04, 2017 1:29:07 PM com.google.bigtable.repackaged.io.grpc.internal.ManagedChannelImpl <init>
INFO: [ManagedChannelImpl@5e9f1a4c] Created with target bigtable.googleapis.com:443
Jun 04, 2017 1:29:07 PM com.google.bigtable.repackaged.io.grpc.internal.ManagedChannelImpl <init>
INFO: [ManagedChannelImpl@4bf89d3d] Created with target bigtable.googleapis.com:443
Jun 04, 2017 1:29:11 PM com.google.bigtable.repackaged.io.grpc.internal.ManagedChannelImpl maybeTerminateChannel
INFO: [ManagedChannelImpl@5443086a] Terminated
Jun 04, 2017 1:29:11 PM com.google.bigtable.repackaged.io.grpc.internal.ManagedChannelImpl maybeTerminateChannel
INFO: [ManagedChannelImpl@5740ad76] Terminated
Jun 04, 2017 1:29:11 PM com.google.bigtable.repackaged.io.grpc.internal.ManagedChannelImpl maybeTerminateChannel
INFO: [ManagedChannelImpl@40a84ea8] Terminated
Jun 04, 2017 1:29:11 PM com.google.bigtable.repackaged.io.grpc.internal.ManagedChannelImpl maybeTerminateChannel
INFO: [ManagedChannelImpl@79c849c7] Terminated
Jun 04, 2017 1:29:11 PM com.google.bigtable.repackaged.io.grpc.internal.ManagedChannelImpl maybeTerminateChannel
INFO: [ManagedChannelImpl@35840ecc] Terminated
Jun 04, 2017 1:29:11 PM com.google.bigtable.repackaged.io.grpc.internal.ManagedChannelImpl maybeTerminateChannel
INFO: [ManagedChannelImpl@67fd2e17] Terminated
Jun 04, 2017 1:29:11 PM com.google.bigtable.repackaged.io.grpc.internal.ManagedChannelImpl maybeTerminateChannel
INFO: [ManagedChannelImpl@65a2e14e] Terminated
Jun 04, 2017 1:29:11 PM com.google.bigtable.repackaged.io.grpc.internal.ManagedChannelImpl maybeTerminateChannel
INFO: [ManagedChannelImpl@7c68a63c] Terminated
Jun 04, 2017 1:29:11 PM com.google.bigtable.repackaged.io.grpc.internal.ManagedChannelImpl maybeTerminateChannel
INFO: [ManagedChannelImpl@5e9f1a4c] Terminated
Jun 04, 2017 1:29:11 PM com.google.bigtable.repackaged.io.grpc.internal.ManagedChannelImpl maybeTerminateChannel
INFO: [ManagedChannelImpl@4bf89d3d] Terminated
Jun 04, 2017 1:29:11 PM com.google.bigtable.repackaged.io.grpc.internal.ManagedChannelImpl <init>
INFO: [ManagedChannelImpl@1e54e900] Created with target bigtable.googleapis.com:443
Jun 04, 2017 1:29:11 PM com.google.bigtable.repackaged.io.grpc.internal.ManagedChannelImpl <init>
INFO: [ManagedChannelImpl@7c8689e] Created with target bigtable.googleapis.com:443
Jun 04, 2017 1:29:11 PM com.google.bigtable.repackaged.io.grpc.internal.ManagedChannelImpl <init>
INFO: [ManagedChannelImpl@3da61af2] Created with target bigtable.googleapis.com:443
Jun 04, 2017 1:29:11 PM com.google.bigtable.repackaged.io.grpc.internal.ManagedChannelImpl <init>
INFO: [ManagedChannelImpl@7852ab30] Created with target bigtable.googleapis.com:443
Jun 04, 2017 1:29:11 PM com.google.bigtable.repackaged.io.grpc.internal.ManagedChannelImpl <init>
INFO: [ManagedChannelImpl@417751d3] Created with target bigtable.googleapis.com:443
Jun 04, 2017 1:29:11 PM com.google.bigtable.repackaged.io.grpc.internal.ManagedChannelImpl <init>
INFO: [ManagedChannelImpl@5bf4dfb] Created with target bigtable.googleapis.com:443
Jun 04, 2017 1:29:11 PM com.google.bigtable.repackaged.io.grpc.internal.ManagedChannelImpl <init>
INFO: [ManagedChannelImpl@8c3b634] Created with target bigtable.googleapis.com:443
Jun 04, 2017 1:29:11 PM com.google.bigtable.repackaged.io.grpc.internal.ManagedChannelImpl <init>
INFO: [ManagedChannelImpl@65259737] Created with target bigtable.googleapis.com:443
Jun 04, 2017 1:29:11 PM com.google.bigtable.repackaged.io.grpc.internal.ManagedChannelImpl <init>
INFO: [ManagedChannelImpl@1e27bb89] Created with target bigtable.googleapis.com:443
Jun 04, 2017 1:29:11 PM com.google.bigtable.repackaged.io.grpc.internal.ManagedChannelImpl <init>
INFO: [ManagedChannelImpl@6108fd23] Created with target bigtable.googleapis.com:443
Jun 04, 2017 1:29:13 PM com.google.bigtable.repackaged.io.grpc.internal.ManagedChannelImpl maybeTerminateChannel
INFO: [ManagedChannelImpl@7c8689e] Terminated
Jun 04, 2017 1:29:13 PM com.google.bigtable.repackaged.io.grpc.internal.ManagedChannelImpl maybeTerminateChannel
INFO: [ManagedChannelImpl@3da61af2] Terminated
Jun 04, 2017 1:29:13 PM com.google.bigtable.repackaged.io.grpc.internal.ManagedChannelImpl maybeTerminateChannel
INFO: [ManagedChannelImpl@7852ab30] Terminated
Jun 04, 2017 1:29:13 PM com.google.bigtable.repackaged.io.grpc.internal.ManagedChannelImpl maybeTerminateChannel
INFO: [ManagedChannelImpl@417751d3] Terminated
Jun 04, 2017 1:29:13 PM com.google.bigtable.repackaged.io.grpc.internal.ManagedChannelImpl maybeTerminateChannel
INFO: [ManagedChannelImpl@5bf4dfb] Terminated
Jun 04, 2017 1:29:13 PM com.google.bigtable.repackaged.io.grpc.internal.ManagedChannelImpl maybeTerminateChannel
INFO: [ManagedChannelImpl@8c3b634] Terminated
Jun 04, 2017 1:29:13 PM com.google.bigtable.repackaged.io.grpc.internal.ManagedChannelImpl maybeTerminateChannel
INFO: [ManagedChannelImpl@65259737] Terminated
Jun 04, 2017 1:29:13 PM com.google.bigtable.repackaged.io.grpc.internal.ManagedChannelImpl maybeTerminateChannel
INFO: [ManagedChannelImpl@1e27bb89] Terminated
Jun 04, 2017 1:29:13 PM com.google.bigtable.repackaged.io.grpc.internal.ManagedChannelImpl maybeTerminateChannel
INFO: [ManagedChannelImpl@1e54e900] Terminated
Jun 04, 2017 1:29:13 PM com.google.bigtable.repackaged.io.grpc.internal.ManagedChannelImpl maybeTerminateChannel
INFO: [ManagedChannelImpl@6108fd23] Terminated
Jun 04, 2017 1:29:13 PM com.google.bigtable.repackaged.io.grpc.internal.ManagedChannelImpl <init>
INFO: [ManagedChannelImpl@38a52072] Created with target bigtable.googleapis.com:443
Jun 04, 2017 1:29:13 PM com.google.bigtable.repackaged.io.grpc.internal.ManagedChannelImpl <init>
INFO: [ManagedChannelImpl@306bf4c3] Created with target bigtable.googleapis.com:443
Jun 04, 2017 1:29:13 PM com.google.bigtable.repackaged.io.grpc.internal.ManagedChannelImpl <init>
INFO: [ManagedChannelImpl@5cf80dfb] Created with target bigtable.googleapis.com:443
Jun 04, 2017 1:29:13 PM com.google.bigtable.repackaged.io.grpc.internal.ManagedChannelImpl <init>
INFO: [ManagedChannelImpl@532ea86b] Created with target bigtable.googleapis.com:443
Jun 04, 2017 1:29:13 PM com.google.bigtable.repackaged.io.grpc.internal.ManagedChannelImpl <init>
INFO: [ManagedChannelImpl@4219a4cc] Created with target bigtable.googleapis.com:443
Jun 04, 2017 1:29:13 PM com.google.bigtable.repackaged.io.grpc.internal.ManagedChannelImpl <init>
INFO: [ManagedChannelImpl@2dbb8da0] Created with target bigtable.googleapis.com:443
Jun 04, 2017 1:29:13 PM com.google.bigtable.repackaged.io.grpc.internal.ManagedChannelImpl <init>
INFO: [ManagedChannelImpl@3130ca39] Created with target bigtable.googleapis.com:443
Jun 04, 2017 1:29:13 PM com.google.bigtable.repackaged.io.grpc.internal.ManagedChannelImpl <init>
INFO: [ManagedChannelImpl@17fb5184] Created with target bigtable.googleapis.com:443
Jun 04, 2017 1:29:13 PM com.google.bigtable.repackaged.io.grpc.internal.ManagedChannelImpl <init>
INFO: [ManagedChannelImpl@184bb873] Created with target bigtable.googleapis.com:443
Jun 04, 2017 1:29:13 PM com.google.bigtable.repackaged.io.grpc.internal.ManagedChannelImpl <init>
INFO: [ManagedChannelImpl@696ce057] Created with target bigtable.googleapis.com:443
Jun 04, 2017 1:29:17 PM com.google.bigtable.repackaged.io.grpc.internal.ManagedChannelImpl maybeTerminateChannel
INFO: [ManagedChannelImpl@306bf4c3] Terminated
Jun 04, 2017 1:29:17 PM com.google.bigtable.repackaged.io.grpc.internal.ManagedChannelImpl maybeTerminateChannel
INFO: [ManagedChannelImpl@5cf80dfb] Terminated
Jun 04, 2017 1:29:17 PM com.google.bigtable.repackaged.io.grpc.internal.ManagedChannelImpl maybeTerminateChannel
INFO: [ManagedChannelImpl@532ea86b] Terminated
Jun 04, 2017 1:29:17 PM com.google.bigtable.repackaged.io.grpc.internal.ManagedChannelImpl maybeTerminateChannel
INFO: [ManagedChannelImpl@4219a4cc] Terminated
Jun 04, 2017 1:29:17 PM com.google.bigtable.repackaged.io.grpc.internal.ManagedChannelImpl maybeTerminateChannel
INFO: [ManagedChannelImpl@2dbb8da0] Terminated
Jun 04, 2017 1:29:17 PM com.google.bigtable.repackaged.io.grpc.internal.ManagedChannelImpl maybeTerminateChannel
INFO: [ManagedChannelImpl@38a52072] Terminated
Jun 04, 2017 1:29:17 PM com.google.bigtable.repackaged.io.grpc.internal.ManagedChannelImpl maybeTerminateChannel
INFO: [ManagedChannelImpl@3130ca39] Terminated
Jun 04, 2017 1:29:17 PM com.google.bigtable.repackaged.io.grpc.internal.ManagedChannelImpl maybeTerminateChannel
INFO: [ManagedChannelImpl@17fb5184] Terminated
Jun 04, 2017 1:29:17 PM com.google.bigtable.repackaged.io.grpc.internal.ManagedChannelImpl maybeTerminateChannel
INFO: [ManagedChannelImpl@184bb873] Terminated
Jun 04, 2017 1:29:17 PM com.google.bigtable.repackaged.io.grpc.internal.ManagedChannelImpl maybeTerminateChannel
INFO: [ManagedChannelImpl@696ce057] Terminated
Jun 04, 2017 1:29:17 PM com.google.bigtable.repackaged.io.grpc.internal.ManagedChannelImpl <init>
INFO: [ManagedChannelImpl@58ad0586] Created with target bigtable.googleapis.com:443
Jun 04, 2017 1:29:17 PM com.google.bigtable.repackaged.io.grpc.internal.ManagedChannelImpl <init>
INFO: [ManagedChannelImpl@526fc044] Created with target bigtable.googleapis.com:443
Jun 04, 2017 1:29:17 PM com.google.bigtable.repackaged.io.grpc.internal.ManagedChannelImpl <init>
INFO: [ManagedChannelImpl@45635ae1] Created with target bigtable.googleapis.com:443
Jun 04, 2017 1:29:17 PM com.google.bigtable.repackaged.io.grpc.internal.ManagedChannelImpl <init>
INFO: [ManagedChannelImpl@7adbec34] Created with target bigtable.googleapis.com:443
Jun 04, 2017 1:29:17 PM com.google.bigtable.repackaged.io.grpc.internal.ManagedChannelImpl <init>
INFO: [ManagedChannelImpl@4aea57dc] Created with target bigtable.googleapis.com:443
Jun 04, 2017 1:29:17 PM com.google.bigtable.repackaged.io.grpc.internal.ManagedChannelImpl <init>
INFO: [ManagedChannelImpl@66abc325] Created with target bigtable.googleapis.com:443
Jun 04, 2017 1:29:17 PM com.google.bigtable.repackaged.io.grpc.internal.ManagedChannelImpl <init>
INFO: [ManagedChannelImpl@39403943] Created with target bigtable.googleapis.com:443
Jun 04, 2017 1:29:17 PM com.google.bigtable.repackaged.io.grpc.internal.ManagedChannelImpl <init>
INFO: [ManagedChannelImpl@1c5fd813] Created with target bigtable.googleapis.com:443
Jun 04, 2017 1:29:17 PM com.google.bigtable.repackaged.io.grpc.internal.ManagedChannelImpl <init>
INFO: [ManagedChannelImpl@49338f3] Created with target bigtable.googleapis.com:443
Jun 04, 2017 1:29:17 PM com.google.bigtable.repackaged.io.grpc.internal.ManagedChannelImpl <init>
INFO: [ManagedChannelImpl@3c9971af] Created with target bigtable.googleapis.com:443
Jun 04, 2017 1:29:19 PM com.google.bigtable.repackaged.io.grpc.internal.ManagedChannelImpl maybeTerminateChannel
INFO: [ManagedChannelImpl@526fc044] Terminated
Jun 04, 2017 1:29:19 PM com.google.bigtable.repackaged.io.grpc.internal.ManagedChannelImpl maybeTerminateChannel
INFO: [ManagedChannelImpl@45635ae1] Terminated
Jun 04, 2017 1:29:19 PM com.google.bigtable.repackaged.io.grpc.internal.ManagedChannelImpl maybeTerminateChannel
INFO: [ManagedChannelImpl@7adbec34] Terminated
Jun 04, 2017 1:29:19 PM com.google.bigtable.repackaged.io.grpc.internal.ManagedChannelImpl maybeTerminateChannel
INFO: [ManagedChannelImpl@4aea57dc] Terminated
Jun 04, 2017 1:29:19 PM com.google.bigtable.repackaged.io.grpc.internal.ManagedChannelImpl maybeTerminateChannel
INFO: [ManagedChannelImpl@66abc325] Terminated
Jun 04, 2017 1:29:19 PM com.google.bigtable.repackaged.io.grpc.internal.ManagedChannelImpl maybeTerminateChannel
INFO: [ManagedChannelImpl@39403943] Terminated
Jun 04, 2017 1:29:19 PM com.google.bigtable.repackaged.io.grpc.internal.ManagedChannelImpl maybeTerminateChannel
INFO: [ManagedChannelImpl@1c5fd813] Terminated
Jun 04, 2017 1:29:19 PM com.google.bigtable.repackaged.io.grpc.internal.ManagedChannelImpl maybeTerminateChannel
INFO: [ManagedChannelImpl@49338f3] Terminated
Jun 04, 2017 1:29:19 PM com.google.bigtable.repackaged.io.grpc.internal.ManagedChannelImpl maybeTerminateChannel
INFO: [ManagedChannelImpl@3c9971af] Terminated
Jun 04, 2017 1:29:19 PM com.google.bigtable.repackaged.io.grpc.internal.ManagedChannelImpl maybeTerminateChannel
INFO: [ManagedChannelImpl@58ad0586] Terminated
Jun 04, 2017 1:29:19 PM com.google.bigtable.repackaged.io.grpc.internal.ManagedChannelImpl <init>
INFO: [ManagedChannelImpl@c7cf8c4] Created with target bigtable.googleapis.com:443
Jun 04, 2017 1:29:19 PM com.google.bigtable.repackaged.io.grpc.internal.ManagedChannelImpl <init>
INFO: [ManagedChannelImpl@56e78538] Created with target bigtable.googleapis.com:443
Jun 04, 2017 1:29:19 PM com.google.bigtable.repackaged.io.grpc.internal.ManagedChannelImpl <init>
INFO: [ManagedChannelImpl@731fae] Created with target bigtable.googleapis.com:443
Jun 04, 2017 1:29:19 PM com.google.bigtable.repackaged.io.grpc.internal.ManagedChannelImpl <init>
INFO: [ManagedChannelImpl@438a2d3] Created with target bigtable.googleapis.com:443
Jun 04, 2017 1:29:19 PM com.google.bigtable.repackaged.io.grpc.internal.ManagedChannelImpl <init>
INFO: [ManagedChannelImpl@6fe9c048] Created with target bigtable.googleapis.com:443
Jun 04, 2017 1:29:19 PM com.google.bigtable.repackaged.io.grpc.internal.ManagedChannelImpl <init>
INFO: [ManagedChannelImpl@54d46c8] Created with target bigtable.googleapis.com:443
Jun 04, 2017 1:29:19 PM com.google.bigtable.repackaged.io.grpc.internal.ManagedChannelImpl <init>
INFO: [ManagedChannelImpl@1ddba7a0] Created with target bigtable.googleapis.com:443
Jun 04, 2017 1:29:19 PM com.google.bigtable.repackaged.io.grpc.internal.ManagedChannelImpl <init>
INFO: [ManagedChannelImpl@5c34b0f2] Created with target bigtable.googleapis.com:443
Jun 04, 2017 1:29:19 PM com.google.bigtable.repackaged.io.grpc.internal.ManagedChannelImpl <init>
INFO: [ManagedChannelImpl@7dfec0bc] Created with target bigtable.googleapis.com:443
Jun 04, 2017 1:29:19 PM com.google.bigtable.repackaged.io.grpc.internal.ManagedChannelImpl <init>
INFO: [ManagedChannelImpl@12eaa2cd] Created with target bigtable.googleapis.com:443
Jun 04, 2017 1:29:21 PM com.google.bigtable.repackaged.io.grpc.internal.ManagedChannelImpl maybeTerminateChannel
INFO: [ManagedChannelImpl@56e78538] Terminated
Jun 04, 2017 1:29:21 PM com.google.bigtable.repackaged.io.grpc.internal.ManagedChannelImpl maybeTerminateChannel
INFO: [ManagedChannelImpl@731fae] Terminated
Jun 04, 2017 1:29:21 PM com.google.bigtable.repackaged.io.grpc.internal.ManagedChannelImpl maybeTerminateChannel
INFO: [ManagedChannelImpl@438a2d3] Terminated
Jun 04, 2017 1:29:21 PM com.google.bigtable.repackaged.io.grpc.internal.ManagedChannelImpl maybeTerminateChannel
INFO: [ManagedChannelImpl@6fe9c048] Terminated
Jun 04, 2017 1:29:21 PM com.google.bigtable.repackaged.io.grpc.internal.ManagedChannelImpl maybeTerminateChannel
INFO: [ManagedChannelImpl@54d46c8] Terminated
Jun 04, 2017 1:29:21 PM com.google.bigtable.repackaged.io.grpc.internal.ManagedChannelImpl maybeTerminateChannel
INFO: [ManagedChannelImpl@1ddba7a0] Terminated
Jun 04, 2017 1:29:21 PM com.google.bigtable.repackaged.io.grpc.internal.ManagedChannelImpl maybeTerminateChannel
INFO: [ManagedChannelImpl@5c34b0f2] Terminated
Jun 04, 2017 1:29:21 PM com.google.bigtable.repackaged.io.grpc.internal.ManagedChannelImpl maybeTerminateChannel
INFO: [ManagedChannelImpl@7dfec0bc] Terminated
Jun 04, 2017 1:29:21 PM com.google.bigtable.repackaged.io.grpc.internal.ManagedChannelImpl maybeTerminateChannel
INFO: [ManagedChannelImpl@c7cf8c4] Terminated
Jun 04, 2017 1:29:21 PM com.google.bigtable.repackaged.io.grpc.internal.ManagedChannelImpl maybeTerminateChannel
INFO: [ManagedChannelImpl@12eaa2cd] Terminated
Jun 04, 2017 1:29:21 PM com.google.bigtable.repackaged.io.grpc.internal.ManagedChannelImpl <init>
INFO: [ManagedChannelImpl@67cd84f9] Created with target bigtable.googleapis.com:443
Jun 04, 2017 1:29:21 PM com.google.bigtable.repackaged.io.grpc.internal.ManagedChannelImpl <init>
INFO: [ManagedChannelImpl@52b891de] Created with target bigtable.googleapis.com:443
Jun 04, 2017 1:29:21 PM com.google.bigtable.repackaged.io.grpc.internal.ManagedChannelImpl <init>
INFO: [ManagedChannelImpl@4ae6451d] Created with target bigtable.googleapis.com:443
Jun 04, 2017 1:29:21 PM com.google.bigtable.repackaged.io.grpc.internal.ManagedChannelImpl <init>
INFO: [ManagedChannelImpl@5f32ab17] Created with target bigtable.googleapis.com:443
Jun 04, 2017 1:29:21 PM com.google.bigtable.repackaged.io.grpc.internal.ManagedChannelImpl <init>
INFO: [ManagedChannelImpl@54530644] Created with target bigtable.googleapis.com:443
Jun 04, 2017 1:29:21 PM com.google.bigtable.repackaged.io.grpc.internal.ManagedChannelImpl <init>
INFO: [ManagedChannelImpl@42734b71] Created with target bigtable.googleapis.com:443
Jun 04, 2017 1:29:21 PM com.google.bigtable.repackaged.io.grpc.internal.ManagedChannelImpl <init>
INFO: [ManagedChannelImpl@3a45308f] Created with target bigtable.googleapis.com:443
Jun 04, 2017 1:29:21 PM com.google.bigtable.repackaged.io.grpc.internal.ManagedChannelImpl <init>
INFO: [ManagedChannelImpl@70e54ec3] Created with target bigtable.googleapis.com:443
Jun 04, 2017 1:29:21 PM com.google.bigtable.repackaged.io.grpc.internal.ManagedChannelImpl <init>
INFO: [ManagedChannelImpl@3cc817bd] Created with target bigtable.googleapis.com:443
Jun 04, 2017 1:29:21 PM com.google.bigtable.repackaged.io.grpc.internal.ManagedChannelImpl <init>
INFO: [ManagedChannelImpl@64b8eb96] Created with target bigtable.googleapis.com:443
Jun 04, 2017 1:29:23 PM com.google.bigtable.repackaged.io.grpc.internal.ManagedChannelImpl maybeTerminateChannel
INFO: [ManagedChannelImpl@52b891de] Terminated
Jun 04, 2017 1:29:23 PM com.google.bigtable.repackaged.io.grpc.internal.ManagedChannelImpl maybeTerminateChannel
INFO: [ManagedChannelImpl@4ae6451d] Terminated
Jun 04, 2017 1:29:23 PM com.google.bigtable.repackaged.io.grpc.internal.ManagedChannelImpl maybeTerminateChannel
INFO: [ManagedChannelImpl@5f32ab17] Terminated
Jun 04, 2017 1:29:23 PM com.google.bigtable.repackaged.io.grpc.internal.ManagedChannelImpl maybeTerminateChannel
INFO: [ManagedChannelImpl@54530644] Terminated
Jun 04, 2017 1:29:23 PM com.google.bigtable.repackaged.io.grpc.internal.ManagedChannelImpl maybeTerminateChannel
INFO: [ManagedChannelImpl@42734b71] Terminated
Jun 04, 2017 1:29:23 PM com.google.bigtable.repackaged.io.grpc.internal.ManagedChannelImpl maybeTerminateChannel
INFO: [ManagedChannelImpl@3a45308f] Terminated
Jun 04, 2017 1:29:23 PM com.google.bigtable.repackaged.io.grpc.internal.ManagedChannelImpl maybeTerminateChannel
INFO: [ManagedChannelImpl@70e54ec3] Terminated
Jun 04, 2017 1:29:23 PM com.google.bigtable.repackaged.io.grpc.internal.ManagedChannelImpl maybeTerminateChannel
INFO: [ManagedChannelImpl@3cc817bd] Terminated
Jun 04, 2017 1:29:23 PM com.google.bigtable.repackaged.io.grpc.internal.ManagedChannelImpl maybeTerminateChannel
INFO: [ManagedChannelImpl@67cd84f9] Terminated
Jun 04, 2017 1:29:23 PM com.google.bigtable.repackaged.io.grpc.internal.ManagedChannelImpl maybeTerminateChannel
INFO: [ManagedChannelImpl@64b8eb96] Terminated
Jun 04, 2017 1:29:23 PM com.google.bigtable.repackaged.io.grpc.internal.ManagedChannelImpl <init>
INFO: [ManagedChannelImpl@726d8fa0] Created with target bigtable.googleapis.com:443
Jun 04, 2017 1:29:23 PM com.google.bigtable.repackaged.io.grpc.internal.ManagedChannelImpl <init>
INFO: [ManagedChannelImpl@56554365] Created with target bigtable.googleapis.com:443
Jun 04, 2017 1:29:23 PM com.google.bigtable.repackaged.io.grpc.internal.ManagedChannelImpl <init>
INFO: [ManagedChannelImpl@666b1244] Created with target bigtable.googleapis.com:443
Jun 04, 2017 1:29:23 PM com.google.bigtable.repackaged.io.grpc.internal.ManagedChannelImpl <init>
INFO: [ManagedChannelImpl@66130c3b] Created with target bigtable.googleapis.com:443
Jun 04, 2017 1:29:23 PM com.google.bigtable.repackaged.io.grpc.internal.ManagedChannelImpl <init>
INFO: [ManagedChannelImpl@789d8fd6] Created with target bigtable.googleapis.com:443
Jun 04, 2017 1:29:23 PM com.google.bigtable.repackaged.io.grpc.internal.ManagedChannelImpl <init>
INFO: [ManagedChannelImpl@42fa5cb] Created with target bigtable.googleapis.com:443
Jun 04, 2017 1:29:23 PM com.google.bigtable.repackaged.io.grpc.internal.ManagedChannelImpl <init>
INFO: [ManagedChannelImpl@3ae87e38] Created with target bigtable.googleapis.com:443
Jun 04, 2017 1:29:23 PM com.google.bigtable.repackaged.io.grpc.internal.ManagedChannelImpl <init>
INFO: [ManagedChannelImpl@44e4cf8a] Created with target bigtable.googleapis.com:443
Jun 04, 2017 1:29:23 PM com.google.bigtable.repackaged.io.grpc.internal.ManagedChannelImpl <init>
INFO: [ManagedChannelImpl@50930bff] Created with target bigtable.googleapis.com:443
Jun 04, 2017 1:29:23 PM com.google.bigtable.repackaged.io.grpc.internal.ManagedChannelImpl <init>
INFO: [ManagedChannelImpl@296bfddb] Created with target bigtable.googleapis.com:443
Jun 04, 2017 1:29:27 PM com.google.bigtable.repackaged.io.grpc.internal.ManagedChannelImpl maybeTerminateChannel
INFO: [ManagedChannelImpl@56554365] Terminated
Jun 04, 2017 1:29:27 PM com.google.bigtable.repackaged.io.grpc.internal.ManagedChannelImpl maybeTerminateChannel
INFO: [ManagedChannelImpl@666b1244] Terminated
Jun 04, 2017 1:29:27 PM com.google.bigtable.repackaged.io.grpc.internal.ManagedChannelImpl maybeTerminateChannel
INFO: [ManagedChannelImpl@66130c3b] Terminated
Jun 04, 2017 1:29:27 PM com.google.bigtable.repackaged.io.grpc.internal.ManagedChannelImpl maybeTerminateChannel
INFO: [ManagedChannelImpl@789d8fd6] Terminated
Jun 04, 2017 1:29:27 PM com.google.bigtable.repackaged.io.grpc.internal.ManagedChannelImpl maybeTerminateChannel
INFO: [ManagedChannelImpl@42fa5cb] Terminated
Jun 04, 2017 1:29:27 PM com.google.bigtable.repackaged.io.grpc.internal.ManagedChannelImpl maybeTerminateChannel
INFO: [ManagedChannelImpl@3ae87e38] Terminated
Jun 04, 2017 1:29:27 PM com.google.bigtable.repackaged.io.grpc.internal.ManagedChannelImpl maybeTerminateChannel
INFO: [ManagedChannelImpl@44e4cf8a] Terminated
Jun 04, 2017 1:29:27 PM com.google.bigtable.repackaged.io.grpc.internal.ManagedChannelImpl maybeTerminateChannel
INFO: [ManagedChannelImpl@726d8fa0] Terminated
Jun 04, 2017 1:29:27 PM com.google.bigtable.repackaged.io.grpc.internal.ManagedChannelImpl maybeTerminateChannel
INFO: [ManagedChannelImpl@50930bff] Terminated
Jun 04, 2017 1:29:27 PM com.google.bigtable.repackaged.io.grpc.internal.ManagedChannelImpl maybeTerminateChannel
INFO: [ManagedChannelImpl@296bfddb] Terminated
Jun 04, 2017 1:29:27 PM com.google.bigtable.repackaged.io.grpc.internal.ManagedChannelImpl <init>
INFO: [ManagedChannelImpl@c86c486] Created with target bigtable.googleapis.com:443
Jun 04, 2017 1:29:27 PM com.google.bigtable.repackaged.io.grpc.internal.ManagedChannelImpl <init>
INFO: [ManagedChannelImpl@67ceaa9] Created with target bigtable.googleapis.com:443
Jun 04, 2017 1:29:27 PM com.google.bigtable.repackaged.io.grpc.internal.ManagedChannelImpl <init>
INFO: [ManagedChannelImpl@3ea6faf0] Created with target bigtable.googleapis.com:443
Jun 04, 2017 1:29:27 PM com.google.bigtable.repackaged.io.grpc.internal.ManagedChannelImpl <init>
INFO: [ManagedChannelImpl@6fdb1a59] Created with target bigtable.googleapis.com:443
Jun 04, 2017 1:29:27 PM com.google.bigtable.repackaged.io.grpc.internal.ManagedChannelImpl <init>
INFO: [ManagedChannelImpl@55c341d0] Created with target bigtable.googleapis.com:443
Jun 04, 2017 1:29:27 PM com.google.bigtable.repackaged.io.grpc.internal.ManagedChannelImpl <init>
INFO: [ManagedChannelImpl@348bd063] Created with target bigtable.googleapis.com:443
Jun 04, 2017 1:29:27 PM com.google.bigtable.repackaged.io.grpc.internal.ManagedChannelImpl <init>
INFO: [ManagedChannelImpl@3d73cd78] Created with target bigtable.googleapis.com:443
Jun 04, 2017 1:29:27 PM com.google.bigtable.repackaged.io.grpc.internal.ManagedChannelImpl <init>
INFO: [ManagedChannelImpl@acd115d] Created with target bigtable.googleapis.com:443
Jun 04, 2017 1:29:27 PM com.google.bigtable.repackaged.io.grpc.internal.ManagedChannelImpl <init>
INFO: [ManagedChannelImpl@45cf0c15] Created with target bigtable.googleapis.com:443
Jun 04, 2017 1:29:27 PM com.google.bigtable.repackaged.io.grpc.internal.ManagedChannelImpl <init>
INFO: [ManagedChannelImpl@2f2dc407] Created with target bigtable.googleapis.com:443
Jun 04, 2017 1:29:31 PM com.google.bigtable.repackaged.io.grpc.internal.ManagedChannelImpl maybeTerminateChannel
INFO: [ManagedChannelImpl@67ceaa9] Terminated
Jun 04, 2017 1:29:31 PM com.google.bigtable.repackaged.io.grpc.internal.ManagedChannelImpl maybeTerminateChannel
INFO: [ManagedChannelImpl@3ea6faf0] Terminated
Jun 04, 2017 1:29:31 PM com.google.bigtable.repackaged.io.grpc.internal.ManagedChannelImpl maybeTerminateChannel
INFO: [ManagedChannelImpl@6fdb1a59] Terminated
Jun 04, 2017 1:29:31 PM com.google.bigtable.repackaged.io.grpc.internal.ManagedChannelImpl maybeTerminateChannel
INFO: [ManagedChannelImpl@55c341d0] Terminated
Jun 04, 2017 1:29:31 PM com.google.bigtable.repackaged.io.grpc.internal.ManagedChannelImpl maybeTerminateChannel
INFO: [ManagedChannelImpl@348bd063] Terminated
Jun 04, 2017 1:29:31 PM com.google.bigtable.repackaged.io.grpc.internal.ManagedChannelImpl maybeTerminateChannel
INFO: [ManagedChannelImpl@3d73cd78] Terminated
Jun 04, 2017 1:29:31 PM com.google.bigtable.repackaged.io.grpc.internal.ManagedChannelImpl maybeTerminateChannel
INFO: [ManagedChannelImpl@acd115d] Terminated
Jun 04, 2017 1:29:31 PM com.google.bigtable.repackaged.io.grpc.internal.ManagedChannelImpl maybeTerminateChannel
INFO: [ManagedChannelImpl@c86c486] Terminated
Jun 04, 2017 1:29:31 PM com.google.bigtable.repackaged.io.grpc.internal.ManagedChannelImpl maybeTerminateChannel
INFO: [ManagedChannelImpl@45cf0c15] Terminated
Jun 04, 2017 1:29:31 PM com.google.bigtable.repackaged.io.grpc.internal.ManagedChannelImpl maybeTerminateChannel
INFO: [ManagedChannelImpl@2f2dc407] Terminated
Jun 04, 2017 1:29:31 PM com.google.bigtable.repackaged.io.grpc.internal.ManagedChannelImpl <init>
INFO: [ManagedChannelImpl@126d8659] Created with target bigtable.googleapis.com:443
Jun 04, 2017 1:29:31 PM com.google.bigtable.repackaged.io.grpc.internal.ManagedChannelImpl <init>
INFO: [ManagedChannelImpl@28654aff] Created with target bigtable.googleapis.com:443
Jun 04, 2017 1:29:31 PM com.google.bigtable.repackaged.io.grpc.internal.ManagedChannelImpl <init>
INFO: [ManagedChannelImpl@5dfec221] Created with target bigtable.googleapis.com:443
Jun 04, 2017 1:29:31 PM com.google.bigtable.repackaged.io.grpc.internal.ManagedChannelImpl <init>
INFO: [ManagedChannelImpl@5e9cb95] Created with target bigtable.googleapis.com:443
Jun 04, 2017 1:29:31 PM com.google.bigtable.repackaged.io.grpc.internal.ManagedChannelImpl <init>
INFO: [ManagedChannelImpl@7bc8da3f] Created with target bigtable.googleapis.com:443
Jun 04, 2017 1:29:31 PM com.google.bigtable.repackaged.io.grpc.internal.ManagedChannelImpl <init>
INFO: [ManagedChannelImpl@7978550b] Created with target bigtable.googleapis.com:443
Jun 04, 2017 1:29:31 PM com.google.bigtable.repackaged.io.grpc.internal.ManagedChannelImpl <init>
INFO: [ManagedChannelImpl@52bc6fcf] Created with target bigtable.googleapis.com:443
Jun 04, 2017 1:29:31 PM com.google.bigtable.repackaged.io.grpc.internal.ManagedChannelImpl <init>
INFO: [ManagedChannelImpl@1942a36e] Created with target bigtable.googleapis.com:443
Jun 04, 2017 1:29:31 PM com.google.bigtable.repackaged.io.grpc.internal.ManagedChannelImpl <init>
INFO: [ManagedChannelImpl@24668b5b] Created with target bigtable.googleapis.com:443
Jun 04, 2017 1:29:31 PM com.google.bigtable.repackaged.io.grpc.internal.ManagedChannelImpl <init>
INFO: [ManagedChannelImpl@1f8d42d1] Created with target bigtable.googleapis.com:443
Jun 04, 2017 1:29:34 PM com.google.bigtable.repackaged.io.grpc.internal.ManagedChannelImpl maybeTerminateChannel
INFO: [ManagedChannelImpl@28654aff] Terminated
Jun 04, 2017 1:29:34 PM com.google.bigtable.repackaged.io.grpc.internal.ManagedChannelImpl maybeTerminateChannel
INFO: [ManagedChannelImpl@5dfec221] Terminated
Jun 04, 2017 1:29:34 PM com.google.bigtable.repackaged.io.grpc.internal.ManagedChannelImpl maybeTerminateChannel
INFO: [ManagedChannelImpl@5e9cb95] Terminated
Jun 04, 2017 1:29:34 PM com.google.bigtable.repackaged.io.grpc.internal.ManagedChannelImpl maybeTerminateChannel
INFO: [ManagedChannelImpl@7bc8da3f] Terminated
Jun 04, 2017 1:29:34 PM com.google.bigtable.repackaged.io.grpc.internal.ManagedChannelImpl maybeTerminateChannel
INFO: [ManagedChannelImpl@7978550b] Terminated
Jun 04, 2017 1:29:34 PM com.google.bigtable.repackaged.io.grpc.internal.ManagedChannelImpl maybeTerminateChannel
INFO: [ManagedChannelImpl@52bc6fcf] Terminated
Jun 04, 2017 1:29:34 PM com.google.bigtable.repackaged.io.grpc.internal.ManagedChannelImpl maybeTerminateChannel
INFO: [ManagedChannelImpl@1942a36e] Terminated
Jun 04, 2017 1:29:34 PM com.google.bigtable.repackaged.io.grpc.internal.ManagedChannelImpl maybeTerminateChannel
INFO: [ManagedChannelImpl@24668b5b] Terminated
Jun 04, 2017 1:29:34 PM com.google.bigtable.repackaged.io.grpc.internal.ManagedChannelImpl maybeTerminateChannel
INFO: [ManagedChannelImpl@1f8d42d1] Terminated
Jun 04, 2017 1:29:34 PM com.google.bigtable.repackaged.io.grpc.internal.ManagedChannelImpl maybeTerminateChannel
INFO: [ManagedChannelImpl@126d8659] Terminated
Jun 04, 2017 1:29:34 PM com.google.bigtable.repackaged.io.grpc.internal.ManagedChannelImpl <init>
INFO: [ManagedChannelImpl@4769378c] Created with target bigtable.googleapis.com:443
Jun 04, 2017 1:29:34 PM com.google.bigtable.repackaged.io.grpc.internal.ManagedChannelImpl <init>
INFO: [ManagedChannelImpl@1d6a22dd] Created with target bigtable.googleapis.com:443
Jun 04, 2017 1:29:34 PM com.google.bigtable.repackaged.io.grpc.internal.ManagedChannelImpl <init>
INFO: [ManagedChannelImpl@67671db1] Created with target bigtable.googleapis.com:443
Jun 04, 2017 1:29:34 PM com.google.bigtable.repackaged.io.grpc.internal.ManagedChannelImpl <init>
INFO: [ManagedChannelImpl@6e6f5842] Created with target bigtable.googleapis.com:443
Jun 04, 2017 1:29:34 PM com.google.bigtable.repackaged.io.grpc.internal.ManagedChannelImpl <init>
INFO: [ManagedChannelImpl@60b4c754] Created with target bigtable.googleapis.com:443
Jun 04, 2017 1:29:34 PM com.google.bigtable.repackaged.io.grpc.internal.ManagedChannelImpl <init>
INFO: [ManagedChannelImpl@2c846d55] Created with target bigtable.googleapis.com:443
Jun 04, 2017 1:29:34 PM com.google.bigtable.repackaged.io.grpc.internal.ManagedChannelImpl <init>
INFO: [ManagedChannelImpl@735167e1] Created with target bigtable.googleapis.com:443
Jun 04, 2017 1:29:34 PM com.google.bigtable.repackaged.io.grpc.internal.ManagedChannelImpl <init>
INFO: [ManagedChannelImpl@67689c81] Created with target bigtable.googleapis.com:443
Jun 04, 2017 1:29:34 PM com.google.bigtable.repackaged.io.grpc.internal.ManagedChannelImpl <init>
INFO: [ManagedChannelImpl@21a0795f] Created with target bigtable.googleapis.com:443
Jun 04, 2017 1:29:34 PM com.google.bigtable.repackaged.io.grpc.internal.ManagedChannelImpl <init>
INFO: [ManagedChannelImpl@2ec156fb] Created with target bigtable.googleapis.com:443
Jun 04, 2017 1:29:38 PM com.google.bigtable.repackaged.io.grpc.internal.ManagedChannelImpl maybeTerminateChannel
INFO: [ManagedChannelImpl@1d6a22dd] Terminated
Jun 04, 2017 1:29:38 PM com.google.bigtable.repackaged.io.grpc.internal.ManagedChannelImpl maybeTerminateChannel
INFO: [ManagedChannelImpl@67671db1] Terminated
Jun 04, 2017 1:29:38 PM com.google.bigtable.repackaged.io.grpc.internal.ManagedChannelImpl maybeTerminateChannel
INFO: [ManagedChannelImpl@6e6f5842] Terminated
Jun 04, 2017 1:29:38 PM com.google.bigtable.repackaged.io.grpc.internal.ManagedChannelImpl maybeTerminateChannel
INFO: [ManagedChannelImpl@4769378c] Terminated
Jun 04, 2017 1:29:38 PM com.google.bigtable.repackaged.io.grpc.internal.ManagedChannelImpl maybeTerminateChannel
INFO: [ManagedChannelImpl@60b4c754] Terminated
Jun 04, 2017 1:29:38 PM com.google.bigtable.repackaged.io.grpc.internal.ManagedChannelImpl maybeTerminateChannel
INFO: [ManagedChannelImpl@2c846d55] Terminated
Jun 04, 2017 1:29:38 PM com.google.bigtable.repackaged.io.grpc.internal.ManagedChannelImpl maybeTerminateChannel
INFO: [ManagedChannelImpl@735167e1] Terminated
Jun 04, 2017 1:29:38 PM com.google.bigtable.repackaged.io.grpc.internal.ManagedChannelImpl maybeTerminateChannel
INFO: [ManagedChannelImpl@67689c81] Terminated
Jun 04, 2017 1:29:38 PM com.google.bigtable.repackaged.io.grpc.internal.ManagedChannelImpl maybeTerminateChannel
INFO: [ManagedChannelImpl@21a0795f] Terminated
Jun 04, 2017 1:29:38 PM com.google.bigtable.repackaged.io.grpc.internal.ManagedChannelImpl maybeTerminateChannel
INFO: [ManagedChannelImpl@2ec156fb] Terminated
Jun 04, 2017 1:29:39 PM com.google.bigtable.repackaged.io.grpc.internal.ManagedChannelImpl <init>
INFO: [ManagedChannelImpl@73e25780] Created with target bigtable.googleapis.com:443
Jun 04, 2017 1:29:39 PM com.google.bigtable.repackaged.io.grpc.internal.ManagedChannelImpl <init>
INFO: [ManagedChannelImpl@1f4cb17b] Created with target bigtable.googleapis.com:443
Jun 04, 2017 1:29:39 PM com.google.bigtable.repackaged.io.grpc.internal.ManagedChannelImpl <init>
INFO: [ManagedChannelImpl@280099a0] Created with target bigtable.googleapis.com:443
Jun 04, 2017 1:29:39 PM com.google.bigtable.repackaged.io.grpc.internal.ManagedChannelImpl <init>
INFO: [ManagedChannelImpl@7aca299e] Created with target bigtable.googleapis.com:443
Jun 04, 2017 1:29:39 PM com.google.bigtable.repackaged.io.grpc.internal.ManagedChannelImpl <init>
INFO: [ManagedChannelImpl@1bf52f10] Created with target bigtable.googleapis.com:443
Jun 04, 2017 1:29:39 PM com.google.bigtable.repackaged.io.grpc.internal.ManagedChannelImpl <init>
INFO: [ManagedChannelImpl@6148827c] Created with target bigtable.googleapis.com:443
Jun 04, 2017 1:29:39 PM com.google.bigtable.repackaged.io.grpc.internal.ManagedChannelImpl <init>
INFO: [ManagedChannelImpl@4da9da6c] Created with target bigtable.googleapis.com:443
Jun 04, 2017 1:29:39 PM com.google.bigtable.repackaged.io.grpc.internal.ManagedChannelImpl <init>
INFO: [ManagedChannelImpl@66048c9e] Created with target bigtable.googleapis.com:443
Jun 04, 2017 1:29:39 PM com.google.bigtable.repackaged.io.grpc.internal.ManagedChannelImpl <init>
INFO: [ManagedChannelImpl@543ba2e1] Created with target bigtable.googleapis.com:443
Jun 04, 2017 1:29:39 PM com.google.bigtable.repackaged.io.grpc.internal.ManagedChannelImpl <init>
INFO: [ManagedChannelImpl@71458178] Created with target bigtable.googleapis.com:443
Jun 04, 2017 1:29:42 PM com.google.bigtable.repackaged.io.grpc.internal.ManagedChannelImpl maybeTerminateChannel
INFO: [ManagedChannelImpl@1f4cb17b] Terminated
Jun 04, 2017 1:29:42 PM com.google.bigtable.repackaged.io.grpc.internal.ManagedChannelImpl maybeTerminateChannel
INFO: [ManagedChannelImpl@280099a0] Terminated
Jun 04, 2017 1:29:42 PM com.google.bigtable.repackaged.io.grpc.internal.ManagedChannelImpl maybeTerminateChannel
INFO: [ManagedChannelImpl@7aca299e] Terminated
Jun 04, 2017 1:29:42 PM com.google.bigtable.repackaged.io.grpc.internal.ManagedChannelImpl maybeTerminateChannel
INFO: [ManagedChannelImpl@1bf52f10] Terminated
Jun 04, 2017 1:29:42 PM com.google.bigtable.repackaged.io.grpc.internal.ManagedChannelImpl maybeTerminateChannel
INFO: [ManagedChannelImpl@6148827c] Terminated
Jun 04, 2017 1:29:42 PM com.google.bigtable.repackaged.io.grpc.internal.ManagedChannelImpl maybeTerminateChannel
INFO: [ManagedChannelImpl@4da9da6c] Terminated
Jun 04, 2017 1:29:42 PM com.google.bigtable.repackaged.io.grpc.internal.ManagedChannelImpl maybeTerminateChannel
INFO: [ManagedChannelImpl@66048c9e] Terminated
Jun 04, 2017 1:29:42 PM com.google.bigtable.repackaged.io.grpc.internal.ManagedChannelImpl maybeTerminateChannel
INFO: [ManagedChannelImpl@543ba2e1] Terminated
Jun 04, 2017 1:29:42 PM com.google.bigtable.repackaged.io.grpc.internal.ManagedChannelImpl maybeTerminateChannel
INFO: [ManagedChannelImpl@71458178] Terminated
Jun 04, 2017 1:29:42 PM com.google.bigtable.repackaged.io.grpc.internal.ManagedChannelImpl maybeTerminateChannel
INFO: [ManagedChannelImpl@73e25780] Terminated
Jun 04, 2017 1:29:42 PM com.google.bigtable.repackaged.io.grpc.internal.ManagedChannelImpl <init>
INFO: [ManagedChannelImpl@64a8d575] Created with target bigtable.googleapis.com:443
Jun 04, 2017 1:29:43 PM com.google.bigtable.repackaged.io.grpc.internal.ManagedChannelImpl <init>
INFO: [ManagedChannelImpl@74787609] Created with target bigtable.googleapis.com:443
Jun 04, 2017 1:29:43 PM com.google.bigtable.repackaged.io.grpc.internal.ManagedChannelImpl <init>
INFO: [ManagedChannelImpl@36cdcae0] Created with target bigtable.googleapis.com:443
Jun 04, 2017 1:29:43 PM com.google.bigtable.repackaged.io.grpc.internal.ManagedChannelImpl <init>
INFO: [ManagedChannelImpl@51fa09c7] Created with target bigtable.googleapis.com:443
Jun 04, 2017 1:29:43 PM com.google.bigtable.repackaged.io.grpc.internal.ManagedChannelImpl <init>
INFO: [ManagedChannelImpl@73db7df0] Created with target bigtable.googleapis.com:443
Jun 04, 2017 1:29:43 PM com.google.bigtable.repackaged.io.grpc.internal.ManagedChannelImpl <init>
INFO: [ManagedChannelImpl@44a485bc] Created with target bigtable.googleapis.com:443
Jun 04, 2017 1:29:43 PM com.google.bigtable.repackaged.io.grpc.internal.ManagedChannelImpl <init>
INFO: [ManagedChannelImpl@1c66cd02] Created with target bigtable.googleapis.com:443
Jun 04, 2017 1:29:43 PM com.google.bigtable.repackaged.io.grpc.internal.ManagedChannelImpl <init>
INFO: [ManagedChannelImpl@1d535b78] Created with target bigtable.googleapis.com:443
Jun 04, 2017 1:29:43 PM com.google.bigtable.repackaged.io.grpc.internal.ManagedChannelImpl <init>
INFO: [ManagedChannelImpl@35cf91df] Created with target bigtable.googleapis.com:443
Jun 04, 2017 1:29:43 PM com.google.bigtable.repackaged.io.grpc.internal.ManagedChannelImpl <init>
INFO: [ManagedChannelImpl@55a66bbf] Created with target bigtable.googleapis.com:443
Jun 04, 2017 1:29:47 PM com.google.bigtable.repackaged.io.grpc.internal.ManagedChannelImpl maybeTerminateChannel
INFO: [ManagedChannelImpl@74787609] Terminated
Jun 04, 2017 1:29:47 PM com.google.bigtable.repackaged.io.grpc.internal.ManagedChannelImpl maybeTerminateChannel
INFO: [ManagedChannelImpl@36cdcae0] Terminated
Jun 04, 2017 1:29:47 PM com.google.bigtable.repackaged.io.grpc.internal.ManagedChannelImpl maybeTerminateChannel
INFO: [ManagedChannelImpl@51fa09c7] Terminated
Jun 04, 2017 1:29:47 PM com.google.bigtable.repackaged.io.grpc.internal.ManagedChannelImpl maybeTerminateChannel
INFO: [ManagedChannelImpl@73db7df0] Terminated
Jun 04, 2017 1:29:47 PM com.google.bigtable.repackaged.io.grpc.internal.ManagedChannelImpl maybeTerminateChannel
INFO: [ManagedChannelImpl@44a485bc] Terminated
Jun 04, 2017 1:29:47 PM com.google.bigtable.repackaged.io.grpc.internal.ManagedChannelImpl maybeTerminateChannel
INFO: [ManagedChannelImpl@1c66cd02] Terminated
Jun 04, 2017 1:29:47 PM com.google.bigtable.repackaged.io.grpc.internal.ManagedChannelImpl maybeTerminateChannel
INFO: [ManagedChannelImpl@1d535b78] Terminated
Jun 04, 2017 1:29:47 PM com.google.bigtable.repackaged.io.grpc.internal.ManagedChannelImpl maybeTerminateChannel
INFO: [ManagedChannelImpl@35cf91df] Terminated
Jun 04, 2017 1:29:47 PM com.google.bigtable.repackaged.io.grpc.internal.ManagedChannelImpl maybeTerminateChannel
INFO: [ManagedChannelImpl@55a66bbf] Terminated
Jun 04, 2017 1:29:47 PM com.google.bigtable.repackaged.io.grpc.internal.ManagedChannelImpl maybeTerminateChannel
INFO: [ManagedChannelImpl@64a8d575] Terminated
Jun 04, 2017 1:29:47 PM com.google.bigtable.repackaged.io.grpc.internal.ManagedChannelImpl <init>
INFO: [ManagedChannelImpl@5718e77c] Created with target bigtable.googleapis.com:443
Jun 04, 2017 1:29:47 PM com.google.bigtable.repackaged.io.grpc.internal.ManagedChannelImpl <init>
INFO: [ManagedChannelImpl@3d667b59] Created with target bigtable.googleapis.com:443
Jun 04, 2017 1:29:47 PM com.google.bigtable.repackaged.io.grpc.internal.ManagedChannelImpl <init>
INFO: [ManagedChannelImpl@28888124] Created with target bigtable.googleapis.com:443
Jun 04, 2017 1:29:47 PM com.google.bigtable.repackaged.io.grpc.internal.ManagedChannelImpl <init>
INFO: [ManagedChannelImpl@355b53cc] Created with target bigtable.googleapis.com:443
Jun 04, 2017 1:29:47 PM com.google.bigtable.repackaged.io.grpc.internal.ManagedChannelImpl <init>
INFO: [ManagedChannelImpl@2568611c] Created with target bigtable.googleapis.com:443
Jun 04, 2017 1:29:47 PM com.google.bigtable.repackaged.io.grpc.internal.ManagedChannelImpl <init>
INFO: [ManagedChannelImpl@2bda7a5b] Created with target bigtable.googleapis.com:443
Jun 04, 2017 1:29:47 PM com.google.bigtable.repackaged.io.grpc.internal.ManagedChannelImpl <init>
INFO: [ManagedChannelImpl@47374fa5] Created with target bigtable.googleapis.com:443
Jun 04, 2017 1:29:47 PM com.google.bigtable.repackaged.io.grpc.internal.ManagedChannelImpl <init>
INFO: [ManagedChannelImpl@289da1bc] Created with target bigtable.googleapis.com:443
Jun 04, 2017 1:29:47 PM com.google.bigtable.repackaged.io.grpc.internal.ManagedChannelImpl <init>
INFO: [ManagedChannelImpl@4e1b5532] Created with target bigtable.googleapis.com:443
Jun 04, 2017 1:29:47 PM com.google.bigtable.repackaged.io.grpc.internal.ManagedChannelImpl <init>
INFO: [ManagedChannelImpl@366bf608] Created with target bigtable.googleapis.com:443
Jun 04, 2017 1:29:49 PM com.google.bigtable.repackaged.io.grpc.internal.ManagedChannelImpl maybeTerminateChannel
INFO: [ManagedChannelImpl@3d667b59] Terminated
Jun 04, 2017 1:29:49 PM com.google.bigtable.repackaged.io.grpc.internal.ManagedChannelImpl maybeTerminateChannel
INFO: [ManagedChannelImpl@28888124] Terminated
Jun 04, 2017 1:29:49 PM com.google.bigtable.repackaged.io.grpc.internal.ManagedChannelImpl maybeTerminateChannel
INFO: [ManagedChannelImpl@355b53cc] Terminated
Jun 04, 2017 1:29:49 PM com.google.bigtable.repackaged.io.grpc.internal.ManagedChannelImpl maybeTerminateChannel
INFO: [ManagedChannelImpl@2568611c] Terminated
Jun 04, 2017 1:29:49 PM com.google.bigtable.repackaged.io.grpc.internal.ManagedChannelImpl maybeTerminateChannel
INFO: [ManagedChannelImpl@2bda7a5b] Terminated
Jun 04, 2017 1:29:49 PM com.google.bigtable.repackaged.io.grpc.internal.ManagedChannelImpl maybeTerminateChannel
INFO: [ManagedChannelImpl@47374fa5] Terminated
Jun 04, 2017 1:29:49 PM com.google.bigtable.repackaged.io.grpc.internal.ManagedChannelImpl maybeTerminateChannel
INFO: [ManagedChannelImpl@289da1bc] Terminated
Jun 04, 2017 1:29:49 PM com.google.bigtable.repackaged.io.grpc.internal.ManagedChannelImpl maybeTerminateChannel
INFO: [ManagedChannelImpl@4e1b5532] Terminated
Jun 04, 2017 1:29:49 PM com.google.bigtable.repackaged.io.grpc.internal.ManagedChannelImpl maybeTerminateChannel
INFO: [ManagedChannelImpl@366bf608] Terminated
Jun 04, 2017 1:29:49 PM com.google.bigtable.repackaged.io.grpc.internal.ManagedChannelImpl maybeTerminateChannel
INFO: [ManagedChannelImpl@5718e77c] Terminated
Jun 04, 2017 1:29:49 PM com.google.bigtable.repackaged.io.grpc.internal.ManagedChannelImpl <init>
INFO: [ManagedChannelImpl@731d0d5c] Created with target bigtable.googleapis.com:443
Jun 04, 2017 1:29:49 PM com.google.bigtable.repackaged.io.grpc.internal.ManagedChannelImpl <init>
INFO: [ManagedChannelImpl@5e0442dd] Created with target bigtable.googleapis.com:443
Jun 04, 2017 1:29:49 PM com.google.bigtable.repackaged.io.grpc.internal.ManagedChannelImpl <init>
INFO: [ManagedChannelImpl@18e76101] Created with target bigtable.googleapis.com:443
Jun 04, 2017 1:29:49 PM com.google.bigtable.repackaged.io.grpc.internal.ManagedChannelImpl <init>
INFO: [ManagedChannelImpl@79349b61] Created with target bigtable.googleapis.com:443
Jun 04, 2017 1:29:49 PM com.google.bigtable.repackaged.io.grpc.internal.ManagedChannelImpl <init>
INFO: [ManagedChannelImpl@62581ef6] Created with target bigtable.googleapis.com:443
Jun 04, 2017 1:29:49 PM com.google.bigtable.repackaged.io.grpc.internal.ManagedChannelImpl <init>
INFO: [ManagedChannelImpl@1e36baca] Created with target bigtable.googleapis.com:443
Jun 04, 2017 1:29:49 PM com.google.bigtable.repackaged.io.grpc.internal.ManagedChannelImpl <init>
INFO: [ManagedChannelImpl@3dfa2f64] Created with target bigtable.googleapis.com:443
Jun 04, 2017 1:29:49 PM com.google.bigtable.repackaged.io.grpc.internal.ManagedChannelImpl <init>
INFO: [ManagedChannelImpl@60484429] Created with target bigtable.googleapis.com:443
Jun 04, 2017 1:29:49 PM com.google.bigtable.repackaged.io.grpc.internal.ManagedChannelImpl <init>
INFO: [ManagedChannelImpl@42c55978] Created with target bigtable.googleapis.com:443
Jun 04, 2017 1:29:49 PM com.google.bigtable.repackaged.io.grpc.internal.ManagedChannelImpl <init>
INFO: [ManagedChannelImpl@690e4b00] Created with target bigtable.googleapis.com:443
Jun 04, 2017 1:29:52 PM com.google.bigtable.repackaged.io.grpc.internal.ManagedChannelImpl maybeTerminateChannel
INFO: [ManagedChannelImpl@5e0442dd] Terminated
Jun 04, 2017 1:29:52 PM com.google.bigtable.repackaged.io.grpc.internal.ManagedChannelImpl maybeTerminateChannel
INFO: [ManagedChannelImpl@18e76101] Terminated
Jun 04, 2017 1:29:52 PM com.google.bigtable.repackaged.io.grpc.internal.ManagedChannelImpl maybeTerminateChannel
INFO: [ManagedChannelImpl@79349b61] Terminated
Jun 04, 2017 1:29:52 PM com.google.bigtable.repackaged.io.grpc.internal.ManagedChannelImpl maybeTerminateChannel
INFO: [ManagedChannelImpl@62581ef6] Terminated
Jun 04, 2017 1:29:52 PM com.google.bigtable.repackaged.io.grpc.internal.ManagedChannelImpl maybeTerminateChannel
INFO: [ManagedChannelImpl@1e36baca] Terminated
Jun 04, 2017 1:29:52 PM com.google.bigtable.repackaged.io.grpc.internal.ManagedChannelImpl maybeTerminateChannel
INFO: [ManagedChannelImpl@3dfa2f64] Terminated
Jun 04, 2017 1:29:52 PM com.google.bigtable.repackaged.io.grpc.internal.ManagedChannelImpl maybeTerminateChannel
INFO: [ManagedChannelImpl@60484429] Terminated
Jun 04, 2017 1:29:52 PM com.google.bigtable.repackaged.io.grpc.internal.ManagedChannelImpl maybeTerminateChannel
INFO: [ManagedChannelImpl@42c55978] Terminated
Jun 04, 2017 1:29:52 PM com.google.bigtable.repackaged.io.grpc.internal.ManagedChannelImpl maybeTerminateChannel
INFO: [ManagedChannelImpl@690e4b00] Terminated
Jun 04, 2017 1:29:52 PM com.google.bigtable.repackaged.io.grpc.internal.ManagedChannelImpl maybeTerminateChannel
INFO: [ManagedChannelImpl@731d0d5c] Terminated
Jun 04, 2017 1:29:52 PM com.google.bigtable.repackaged.io.grpc.internal.ManagedChannelImpl <init>
INFO: [ManagedChannelImpl@54033a65] Created with target bigtable.googleapis.com:443
Jun 04, 2017 1:29:52 PM com.google.bigtable.repackaged.io.grpc.internal.ManagedChannelImpl <init>
INFO: [ManagedChannelImpl@4fb99927] Created with target bigtable.googleapis.com:443
Jun 04, 2017 1:29:52 PM com.google.bigtable.repackaged.io.grpc.internal.ManagedChannelImpl <init>
INFO: [ManagedChannelImpl@2d9df336] Created with target bigtable.googleapis.com:443
Jun 04, 2017 1:29:52 PM com.google.bigtable.repackaged.io.grpc.internal.ManagedChannelImpl <init>
INFO: [ManagedChannelImpl@131b58d4] Created with target bigtable.googleapis.com:443
Jun 04, 2017 1:29:52 PM com.google.bigtable.repackaged.io.grpc.internal.ManagedChannelImpl <init>
INFO: [ManagedChannelImpl@5e8698c0] Created with target bigtable.googleapis.com:443
Jun 04, 2017 1:29:52 PM com.google.bigtable.repackaged.io.grpc.internal.ManagedChannelImpl <init>
INFO: [ManagedChannelImpl@5df54296] Created with target bigtable.googleapis.com:443
Jun 04, 2017 1:29:52 PM com.google.bigtable.repackaged.io.grpc.internal.ManagedChannelImpl <init>
INFO: [ManagedChannelImpl@1fb30e5d] Created with target bigtable.googleapis.com:443
Jun 04, 2017 1:29:52 PM com.google.bigtable.repackaged.io.grpc.internal.ManagedChannelImpl <init>
INFO: [ManagedChannelImpl@56a72887] Created with target bigtable.googleapis.com:443
Jun 04, 2017 1:29:52 PM com.google.bigtable.repackaged.io.grpc.internal.ManagedChannelImpl <init>
INFO: [ManagedChannelImpl@3c8dea0b] Created with target bigtable.googleapis.com:443
Jun 04, 2017 1:29:52 PM com.google.bigtable.repackaged.io.grpc.internal.ManagedChannelImpl <init>
INFO: [ManagedChannelImpl@4b9beefe] Created with target bigtable.googleapis.com:443
Jun 04, 2017 1:29:54 PM com.google.bigtable.repackaged.io.grpc.internal.ManagedChannelImpl maybeTerminateChannel
INFO: [ManagedChannelImpl@4fb99927] Terminated
Jun 04, 2017 1:29:54 PM com.google.bigtable.repackaged.io.grpc.internal.ManagedChannelImpl maybeTerminateChannel
INFO: [ManagedChannelImpl@2d9df336] Terminated
Jun 04, 2017 1:29:54 PM com.google.bigtable.repackaged.io.grpc.internal.ManagedChannelImpl maybeTerminateChannel
INFO: [ManagedChannelImpl@131b58d4] Terminated
Jun 04, 2017 1:29:54 PM com.google.bigtable.repackaged.io.grpc.internal.ManagedChannelImpl maybeTerminateChannel
INFO: [ManagedChannelImpl@5e8698c0] Terminated
Jun 04, 2017 1:29:54 PM com.google.bigtable.repackaged.io.grpc.internal.ManagedChannelImpl maybeTerminateChannel
INFO: [ManagedChannelImpl@5df54296] Terminated
Jun 04, 2017 1:29:54 PM com.google.bigtable.repackaged.io.grpc.internal.ManagedChannelImpl maybeTerminateChannel
INFO: [ManagedChannelImpl@1fb30e5d] Terminated
Jun 04, 2017 1:29:54 PM com.google.bigtable.repackaged.io.grpc.internal.ManagedChannelImpl maybeTerminateChannel
INFO: [ManagedChannelImpl@56a72887] Terminated
Jun 04, 2017 1:29:54 PM com.google.bigtable.repackaged.io.grpc.internal.ManagedChannelImpl maybeTerminateChannel
INFO: [ManagedChannelImpl@3c8dea0b] Terminated
Jun 04, 2017 1:29:54 PM com.google.bigtable.repackaged.io.grpc.internal.ManagedChannelImpl maybeTerminateChannel
INFO: [ManagedChannelImpl@4b9beefe] Terminated
Jun 04, 2017 1:29:54 PM com.google.bigtable.repackaged.io.grpc.internal.ManagedChannelImpl maybeTerminateChannel
INFO: [ManagedChannelImpl@54033a65] Terminated
Jun 04, 2017 1:29:54 PM com.google.bigtable.repackaged.io.grpc.internal.ManagedChannelImpl <init>
INFO: [ManagedChannelImpl@64a7ad02] Created with target bigtable.googleapis.com:443
Jun 04, 2017 1:29:54 PM com.google.bigtable.repackaged.io.grpc.internal.ManagedChannelImpl <init>
INFO: [ManagedChannelImpl@46590dd0] Created with target bigtable.googleapis.com:443
Jun 04, 2017 1:29:54 PM com.google.bigtable.repackaged.io.grpc.internal.ManagedChannelImpl <init>
INFO: [ManagedChannelImpl@6c737fdb] Created with target bigtable.googleapis.com:443
Jun 04, 2017 1:29:54 PM com.google.bigtable.repackaged.io.grpc.internal.ManagedChannelImpl <init>
INFO: [ManagedChannelImpl@66a93b25] Created with target bigtable.googleapis.com:443
Jun 04, 2017 1:29:54 PM com.google.bigtable.repackaged.io.grpc.internal.ManagedChannelImpl <init>
INFO: [ManagedChannelImpl@3f3f554f] Created with target bigtable.googleapis.com:443
Jun 04, 2017 1:29:54 PM com.google.bigtable.repackaged.io.grpc.internal.ManagedChannelImpl <init>
INFO: [ManagedChannelImpl@3186f8f5] Created with target bigtable.googleapis.com:443
Jun 04, 2017 1:29:54 PM com.google.bigtable.repackaged.io.grpc.internal.ManagedChannelImpl <init>
INFO: [ManagedChannelImpl@467cd4b9] Created with target bigtable.googleapis.com:443
Jun 04, 2017 1:29:54 PM com.google.bigtable.repackaged.io.grpc.internal.ManagedChannelImpl <init>
INFO: [ManagedChannelImpl@69a3bf40] Created with target bigtable.googleapis.com:443
Jun 04, 2017 1:29:54 PM com.google.bigtable.repackaged.io.grpc.internal.ManagedChannelImpl <init>
INFO: [ManagedChannelImpl@2c731a16] Created with target bigtable.googleapis.com:443
Jun 04, 2017 1:29:54 PM com.google.bigtable.repackaged.io.grpc.internal.ManagedChannelImpl <init>
INFO: [ManagedChannelImpl@2a341e3d] Created with target bigtable.googleapis.com:443
Jun 04, 2017 1:29:56 PM com.google.bigtable.repackaged.io.grpc.internal.ManagedChannelImpl maybeTerminateChannel
INFO: [ManagedChannelImpl@46590dd0] Terminated
Jun 04, 2017 1:29:56 PM com.google.bigtable.repackaged.io.grpc.internal.ManagedChannelImpl maybeTerminateChannel
INFO: [ManagedChannelImpl@6c737fdb] Terminated
Jun 04, 2017 1:29:56 PM com.google.bigtable.repackaged.io.grpc.internal.ManagedChannelImpl maybeTerminateChannel
INFO: [ManagedChannelImpl@66a93b25] Terminated
Jun 04, 2017 1:29:56 PM com.google.bigtable.repackaged.io.grpc.internal.ManagedChannelImpl maybeTerminateChannel
INFO: [ManagedChannelImpl@3f3f554f] Terminated
Jun 04, 2017 1:29:56 PM com.google.bigtable.repackaged.io.grpc.internal.ManagedChannelImpl maybeTerminateChannel
INFO: [ManagedChannelImpl@3186f8f5] Terminated
Jun 04, 2017 1:29:56 PM com.google.bigtable.repackaged.io.grpc.internal.ManagedChannelImpl maybeTerminateChannel
INFO: [ManagedChannelImpl@467cd4b9] Terminated
Jun 04, 2017 1:29:56 PM com.google.bigtable.repackaged.io.grpc.internal.ManagedChannelImpl maybeTerminateChannel
INFO: [ManagedChannelImpl@69a3bf40] Terminated
Jun 04, 2017 1:29:56 PM com.google.bigtable.repackaged.io.grpc.internal.ManagedChannelImpl maybeTerminateChannel
INFO: [ManagedChannelImpl@2c731a16] Terminated
Jun 04, 2017 1:29:56 PM com.google.bigtable.repackaged.io.grpc.internal.ManagedChannelImpl maybeTerminateChannel
INFO: [ManagedChannelImpl@2a341e3d] Terminated
Jun 04, 2017 1:29:56 PM com.google.bigtable.repackaged.io.grpc.internal.ManagedChannelImpl maybeTerminateChannel
INFO: [ManagedChannelImpl@64a7ad02] Terminated
Jun 04, 2017 1:29:56 PM com.google.bigtable.repackaged.io.grpc.internal.ManagedChannelImpl <init>
INFO: [ManagedChannelImpl@40b8158d] Created with target bigtable.googleapis.com:443
Jun 04, 2017 1:29:56 PM com.google.bigtable.repackaged.io.grpc.internal.ManagedChannelImpl <init>
INFO: [ManagedChannelImpl@24e7087a] Created with target bigtable.googleapis.com:443
Jun 04, 2017 1:29:56 PM com.google.bigtable.repackaged.io.grpc.internal.ManagedChannelImpl <init>
INFO: [ManagedChannelImpl@5bb3dee7] Created with target bigtable.googleapis.com:443
Jun 04, 2017 1:29:56 PM com.google.bigtable.repackaged.io.grpc.internal.ManagedChannelImpl <init>
INFO: [ManagedChannelImpl@284f25e6] Created with target bigtable.googleapis.com:443
Jun 04, 2017 1:29:56 PM com.google.bigtable.repackaged.io.grpc.internal.ManagedChannelImpl <init>
INFO: [ManagedChannelImpl@285b491f] Created with target bigtable.googleapis.com:443
Jun 04, 2017 1:29:56 PM com.google.bigtable.repackaged.io.grpc.internal.ManagedChannelImpl <init>
INFO: [ManagedChannelImpl@346330b6] Created with target bigtable.googleapis.com:443
Jun 04, 2017 1:29:56 PM com.google.bigtable.repackaged.io.grpc.internal.ManagedChannelImpl <init>
INFO: [ManagedChannelImpl@71e2843b] Created with target bigtable.googleapis.com:443
Jun 04, 2017 1:29:56 PM com.google.bigtable.repackaged.io.grpc.internal.ManagedChannelImpl <init>
INFO: [ManagedChannelImpl@20d3fff4] Created with target bigtable.googleapis.com:443
Jun 04, 2017 1:29:56 PM com.google.bigtable.repackaged.io.grpc.internal.ManagedChannelImpl <init>
INFO: [ManagedChannelImpl@52325940] Created with target bigtable.googleapis.com:443
Jun 04, 2017 1:29:56 PM com.google.bigtable.repackaged.io.grpc.internal.ManagedChannelImpl <init>
INFO: [ManagedChannelImpl@7f792530] Created with target bigtable.googleapis.com:443
Jun 04, 2017 1:30:00 PM com.google.bigtable.repackaged.io.grpc.internal.ManagedChannelImpl maybeTerminateChannel
INFO: [ManagedChannelImpl@24e7087a] Terminated
Jun 04, 2017 1:30:00 PM com.google.bigtable.repackaged.io.grpc.internal.ManagedChannelImpl maybeTerminateChannel
INFO: [ManagedChannelImpl@5bb3dee7] Terminated
Jun 04, 2017 1:30:00 PM com.google.bigtable.repackaged.io.grpc.internal.ManagedChannelImpl maybeTerminateChannel
INFO: [ManagedChannelImpl@284f25e6] Terminated
Jun 04, 2017 1:30:00 PM com.google.bigtable.repackaged.io.grpc.internal.ManagedChannelImpl maybeTerminateChannel
INFO: [ManagedChannelImpl@285b491f] Terminated
Jun 04, 2017 1:30:00 PM com.google.bigtable.repackaged.io.grpc.internal.ManagedChannelImpl maybeTerminateChannel
INFO: [ManagedChannelImpl@346330b6] Terminated
Jun 04, 2017 1:30:00 PM com.google.bigtable.repackaged.io.grpc.internal.ManagedChannelImpl maybeTerminateChannel
INFO: [ManagedChannelImpl@71e2843b] Terminated
Jun 04, 2017 1:30:00 PM com.google.bigtable.repackaged.io.grpc.internal.ManagedChannelImpl maybeTerminateChannel
INFO: [ManagedChannelImpl@20d3fff4] Terminated
Jun 04, 2017 1:30:00 PM com.google.bigtable.repackaged.io.grpc.internal.ManagedChannelImpl maybeTerminateChannel
INFO: [ManagedChannelImpl@52325940] Terminated
Jun 04, 2017 1:30:00 PM com.google.bigtable.repackaged.io.grpc.internal.ManagedChannelImpl maybeTerminateChannel
INFO: [ManagedChannelImpl@7f792530] Terminated
Jun 04, 2017 1:30:00 PM com.google.bigtable.repackaged.io.grpc.internal.ManagedChannelImpl maybeTerminateChannel
INFO: [ManagedChannelImpl@40b8158d] Terminated
Jun 04, 2017 1:30:00 PM com.google.bigtable.repackaged.io.grpc.internal.ManagedChannelImpl <init>
INFO: [ManagedChannelImpl@531299d3] Created with target bigtable.googleapis.com:443
Jun 04, 2017 1:30:00 PM com.google.bigtable.repackaged.io.grpc.internal.ManagedChannelImpl <init>
INFO: [ManagedChannelImpl@3487947c] Created with target bigtable.googleapis.com:443
Jun 04, 2017 1:30:00 PM com.google.bigtable.repackaged.io.grpc.internal.ManagedChannelImpl <init>
INFO: [ManagedChannelImpl@77226121] Created with target bigtable.googleapis.com:443
Jun 04, 2017 1:30:00 PM com.google.bigtable.repackaged.io.grpc.internal.ManagedChannelImpl <init>
INFO: [ManagedChannelImpl@3117ac8d] Created with target bigtable.googleapis.com:443
Jun 04, 2017 1:30:00 PM com.google.bigtable.repackaged.io.grpc.internal.ManagedChannelImpl <init>
INFO: [ManagedChannelImpl@760c777d] Created with target bigtable.googleapis.com:443
Jun 04, 2017 1:30:00 PM com.google.bigtable.repackaged.io.grpc.internal.ManagedChannelImpl <init>
INFO: [ManagedChannelImpl@7ea039b4] Created with target bigtable.googleapis.com:443
Jun 04, 2017 1:30:00 PM com.google.bigtable.repackaged.io.grpc.internal.ManagedChannelImpl <init>
INFO: [ManagedChannelImpl@1aef7428] Created with target bigtable.googleapis.com:443
Jun 04, 2017 1:30:00 PM com.google.bigtable.repackaged.io.grpc.internal.ManagedChannelImpl <init>
INFO: [ManagedChannelImpl@1610c03c] Created with target bigtable.googleapis.com:443
Jun 04, 2017 1:30:00 PM com.google.bigtable.repackaged.io.grpc.internal.ManagedChannelImpl <init>
INFO: [ManagedChannelImpl@332fa1c] Created with target bigtable.googleapis.com:443
Jun 04, 2017 1:30:00 PM com.google.bigtable.repackaged.io.grpc.internal.ManagedChannelImpl <init>
INFO: [ManagedChannelImpl@7c200e57] Created with target bigtable.googleapis.com:443
Jun 04, 2017 1:30:04 PM com.google.bigtable.repackaged.io.grpc.internal.ManagedChannelImpl maybeTerminateChannel
INFO: [ManagedChannelImpl@3487947c] Terminated
Jun 04, 2017 1:30:04 PM com.google.bigtable.repackaged.io.grpc.internal.ManagedChannelImpl maybeTerminateChannel
INFO: [ManagedChannelImpl@77226121] Terminated
Jun 04, 2017 1:30:04 PM com.google.bigtable.repackaged.io.grpc.internal.ManagedChannelImpl maybeTerminateChannel
INFO: [ManagedChannelImpl@3117ac8d] Terminated
Jun 04, 2017 1:30:04 PM com.google.bigtable.repackaged.io.grpc.internal.ManagedChannelImpl maybeTerminateChannel
INFO: [ManagedChannelImpl@760c777d] Terminated
Jun 04, 2017 1:30:04 PM com.google.bigtable.repackaged.io.grpc.internal.ManagedChannelImpl maybeTerminateChannel
INFO: [ManagedChannelImpl@7ea039b4] Terminated
Jun 04, 2017 1:30:04 PM com.google.bigtable.repackaged.io.grpc.internal.ManagedChannelImpl maybeTerminateChannel
INFO: [ManagedChannelImpl@1aef7428] Terminated
Jun 04, 2017 1:30:04 PM com.google.bigtable.repackaged.io.grpc.internal.ManagedChannelImpl maybeTerminateChannel
INFO: [ManagedChannelImpl@1610c03c] Terminated
Jun 04, 2017 1:30:04 PM com.google.bigtable.repackaged.io.grpc.internal.ManagedChannelImpl maybeTerminateChannel
INFO: [ManagedChannelImpl@332fa1c] Terminated
Jun 04, 2017 1:30:04 PM com.google.bigtable.repackaged.io.grpc.internal.ManagedChannelImpl maybeTerminateChannel
INFO: [ManagedChannelImpl@531299d3] Terminated
Jun 04, 2017 1:30:04 PM com.google.bigtable.repackaged.io.grpc.internal.ManagedChannelImpl maybeTerminateChannel
INFO: [ManagedChannelImpl@7c200e57] Terminated
Jun 04, 2017 1:30:04 PM com.google.bigtable.repackaged.io.grpc.internal.ManagedChannelImpl <init>
INFO: [ManagedChannelImpl@6556471b] Created with target bigtable.googleapis.com:443
Jun 04, 2017 1:30:04 PM com.google.bigtable.repackaged.io.grpc.internal.ManagedChannelImpl <init>
INFO: [ManagedChannelImpl@3e1897d] Created with target bigtable.googleapis.com:443
Jun 04, 2017 1:30:04 PM com.google.bigtable.repackaged.io.grpc.internal.ManagedChannelImpl <init>
INFO: [ManagedChannelImpl@7cdb05aa] Created with target bigtable.googleapis.com:443
Jun 04, 2017 1:30:04 PM com.google.bigtable.repackaged.io.grpc.internal.ManagedChannelImpl <init>
INFO: [ManagedChannelImpl@2079fcfc] Created with target bigtable.googleapis.com:443
Jun 04, 2017 1:30:04 PM com.google.bigtable.repackaged.io.grpc.internal.ManagedChannelImpl <init>
INFO: [ManagedChannelImpl@77401977] Created with target bigtable.googleapis.com:443
Jun 04, 2017 1:30:04 PM com.google.bigtable.repackaged.io.grpc.internal.ManagedChannelImpl <init>
INFO: [ManagedChannelImpl@7865cc83] Created with target bigtable.googleapis.com:443
Jun 04, 2017 1:30:04 PM com.google.bigtable.repackaged.io.grpc.internal.ManagedChannelImpl <init>
INFO: [ManagedChannelImpl@5cb76070] Created with target bigtable.googleapis.com:443
Jun 04, 2017 1:30:04 PM com.google.bigtable.repackaged.io.grpc.internal.ManagedChannelImpl <init>
INFO: [ManagedChannelImpl@3346e906] Created with target bigtable.googleapis.com:443
Jun 04, 2017 1:30:04 PM com.google.bigtable.repackaged.io.grpc.internal.ManagedChannelImpl <init>
INFO: [ManagedChannelImpl@443ac5b8] Created with target bigtable.googleapis.com:443
Jun 04, 2017 1:30:04 PM com.google.bigtable.repackaged.io.grpc.internal.ManagedChannelImpl <init>
INFO: [ManagedChannelImpl@126d0868] Created with target bigtable.googleapis.com:443
Jun 04, 2017 1:30:06 PM com.google.bigtable.repackaged.io.grpc.internal.ManagedChannelImpl maybeTerminateChannel
INFO: [ManagedChannelImpl@3e1897d] Terminated
Jun 04, 2017 1:30:06 PM com.google.bigtable.repackaged.io.grpc.internal.ManagedChannelImpl maybeTerminateChannel
INFO: [ManagedChannelImpl@7cdb05aa] Terminated
Jun 04, 2017 1:30:06 PM com.google.bigtable.repackaged.io.grpc.internal.ManagedChannelImpl maybeTerminateChannel
INFO: [ManagedChannelImpl@2079fcfc] Terminated
Jun 04, 2017 1:30:06 PM com.google.bigtable.repackaged.io.grpc.internal.ManagedChannelImpl maybeTerminateChannel
INFO: [ManagedChannelImpl@77401977] Terminated
Jun 04, 2017 1:30:06 PM com.google.bigtable.repackaged.io.grpc.internal.ManagedChannelImpl maybeTerminateChannel
INFO: [ManagedChannelImpl@7865cc83] Terminated
Jun 04, 2017 1:30:06 PM com.google.bigtable.repackaged.io.grpc.internal.ManagedChannelImpl maybeTerminateChannel
INFO: [ManagedChannelImpl@5cb76070] Terminated
Jun 04, 2017 1:30:06 PM com.google.bigtable.repackaged.io.grpc.internal.ManagedChannelImpl maybeTerminateChannel
INFO: [ManagedChannelImpl@3346e906] Terminated
Jun 04, 2017 1:30:06 PM com.google.bigtable.repackaged.io.grpc.internal.ManagedChannelImpl maybeTerminateChannel
INFO: [ManagedChannelImpl@443ac5b8] Terminated
Jun 04, 2017 1:30:06 PM com.google.bigtable.repackaged.io.grpc.internal.ManagedChannelImpl maybeTerminateChannel
INFO: [ManagedChannelImpl@126d0868] Terminated
Jun 04, 2017 1:30:06 PM com.google.bigtable.repackaged.io.grpc.internal.ManagedChannelImpl maybeTerminateChannel
INFO: [ManagedChannelImpl@6556471b] Terminated
]]></system-err>
  </testcase>
  <testcase name="testAddConversation" classname="codeu.chat.server.RawControllerTest" time="12.776">
    <failure message="Check that user has a valid reference" type="java.lang.AssertionError">java.lang.AssertionError: Check that user has a valid reference
	at org.junit.Assert.fail(Assert.java:88)
	at org.junit.Assert.assertTrue(Assert.java:41)
	at org.junit.Assert.assertFalse(Assert.java:64)
	at codeu.chat.server.RawControllerTest.testAddConversation(RawControllerTest.java:94)
	at sun.reflect.NativeMethodAccessorImpl.invoke0(Native Method)
	at sun.reflect.NativeMethodAccessorImpl.invoke(NativeMethodAccessorImpl.java:62)
	at sun.reflect.DelegatingMethodAccessorImpl.invoke(DelegatingMethodAccessorImpl.java:43)
	at java.lang.reflect.Method.invoke(Method.java:498)
	at org.junit.runners.model.FrameworkMethod$1.runReflectiveCall(FrameworkMethod.java:50)
	at org.junit.internal.runners.model.ReflectiveCallable.run(ReflectiveCallable.java:12)
	at org.junit.runners.model.FrameworkMethod.invokeExplosively(FrameworkMethod.java:47)
	at org.junit.internal.runners.statements.InvokeMethod.evaluate(InvokeMethod.java:17)
	at org.junit.internal.runners.statements.RunBefores.evaluate(RunBefores.java:26)
	at org.junit.runners.ParentRunner.runLeaf(ParentRunner.java:325)
	at org.junit.runners.BlockJUnit4ClassRunner.runChild(BlockJUnit4ClassRunner.java:78)
	at org.junit.runners.BlockJUnit4ClassRunner.runChild(BlockJUnit4ClassRunner.java:57)
	at org.junit.runners.ParentRunner$3.run(ParentRunner.java:290)
	at org.junit.runners.ParentRunner$1.schedule(ParentRunner.java:71)
	at org.junit.runners.ParentRunner.runChildren(ParentRunner.java:288)
	at org.junit.runners.ParentRunner.access$000(ParentRunner.java:58)
	at org.junit.runners.ParentRunner$2.evaluate(ParentRunner.java:268)
	at org.junit.runners.ParentRunner.run(ParentRunner.java:363)
	at org.apache.maven.surefire.junit4.JUnit4Provider.execute(JUnit4Provider.java:367)
	at org.apache.maven.surefire.junit4.JUnit4Provider.executeWithRerun(JUnit4Provider.java:274)
	at org.apache.maven.surefire.junit4.JUnit4Provider.executeTestSet(JUnit4Provider.java:238)
	at org.apache.maven.surefire.junit4.JUnit4Provider.invoke(JUnit4Provider.java:161)
	at org.apache.maven.surefire.booter.ForkedBooter.invokeProviderInSameClassLoader(ForkedBooter.java:290)
	at org.apache.maven.surefire.booter.ForkedBooter.runSuitesInProcess(ForkedBooter.java:242)
	at org.apache.maven.surefire.booter.ForkedBooter.main(ForkedBooter.java:121)
</failure>
    <system-out><![CDATA[Scan for all messages:
Scan for all conversations:
Scan for all groups:
Scan for all users:
]]></system-out>
    <system-err><![CDATA[Jun 04, 2017 1:30:06 PM com.google.bigtable.repackaged.io.grpc.internal.ManagedChannelImpl <init>
INFO: [ManagedChannelImpl@4eec5fa6] Created with target bigtable.googleapis.com:443
Jun 04, 2017 1:30:06 PM com.google.bigtable.repackaged.io.grpc.internal.ManagedChannelImpl <init>
INFO: [ManagedChannelImpl@21579b35] Created with target bigtable.googleapis.com:443
Jun 04, 2017 1:30:06 PM com.google.bigtable.repackaged.io.grpc.internal.ManagedChannelImpl <init>
INFO: [ManagedChannelImpl@25b83dce] Created with target bigtable.googleapis.com:443
Jun 04, 2017 1:30:06 PM com.google.bigtable.repackaged.io.grpc.internal.ManagedChannelImpl <init>
INFO: [ManagedChannelImpl@74cd8c55] Created with target bigtable.googleapis.com:443
Jun 04, 2017 1:30:06 PM com.google.bigtable.repackaged.io.grpc.internal.ManagedChannelImpl <init>
INFO: [ManagedChannelImpl@5870fc05] Created with target bigtable.googleapis.com:443
Jun 04, 2017 1:30:06 PM com.google.bigtable.repackaged.io.grpc.internal.ManagedChannelImpl <init>
INFO: [ManagedChannelImpl@45e35a0d] Created with target bigtable.googleapis.com:443
Jun 04, 2017 1:30:06 PM com.google.bigtable.repackaged.io.grpc.internal.ManagedChannelImpl <init>
INFO: [ManagedChannelImpl@21d15932] Created with target bigtable.googleapis.com:443
Jun 04, 2017 1:30:06 PM com.google.bigtable.repackaged.io.grpc.internal.ManagedChannelImpl <init>
INFO: [ManagedChannelImpl@3966c679] Created with target bigtable.googleapis.com:443
Jun 04, 2017 1:30:06 PM com.google.bigtable.repackaged.io.grpc.internal.ManagedChannelImpl <init>
INFO: [ManagedChannelImpl@66a99584] Created with target bigtable.googleapis.com:443
Jun 04, 2017 1:30:06 PM com.google.bigtable.repackaged.io.grpc.internal.ManagedChannelImpl <init>
INFO: [ManagedChannelImpl@3945886e] Created with target bigtable.googleapis.com:443
Jun 04, 2017 1:30:09 PM com.google.bigtable.repackaged.io.grpc.internal.ManagedChannelImpl maybeTerminateChannel
INFO: [ManagedChannelImpl@21579b35] Terminated
Jun 04, 2017 1:30:09 PM com.google.bigtable.repackaged.io.grpc.internal.ManagedChannelImpl maybeTerminateChannel
INFO: [ManagedChannelImpl@25b83dce] Terminated
Jun 04, 2017 1:30:09 PM com.google.bigtable.repackaged.io.grpc.internal.ManagedChannelImpl maybeTerminateChannel
INFO: [ManagedChannelImpl@74cd8c55] Terminated
Jun 04, 2017 1:30:09 PM com.google.bigtable.repackaged.io.grpc.internal.ManagedChannelImpl maybeTerminateChannel
INFO: [ManagedChannelImpl@5870fc05] Terminated
Jun 04, 2017 1:30:09 PM com.google.bigtable.repackaged.io.grpc.internal.ManagedChannelImpl maybeTerminateChannel
INFO: [ManagedChannelImpl@45e35a0d] Terminated
Jun 04, 2017 1:30:09 PM com.google.bigtable.repackaged.io.grpc.internal.ManagedChannelImpl maybeTerminateChannel
INFO: [ManagedChannelImpl@21d15932] Terminated
Jun 04, 2017 1:30:09 PM com.google.bigtable.repackaged.io.grpc.internal.ManagedChannelImpl maybeTerminateChannel
INFO: [ManagedChannelImpl@3966c679] Terminated
Jun 04, 2017 1:30:09 PM com.google.bigtable.repackaged.io.grpc.internal.ManagedChannelImpl maybeTerminateChannel
INFO: [ManagedChannelImpl@66a99584] Terminated
Jun 04, 2017 1:30:09 PM com.google.bigtable.repackaged.io.grpc.internal.ManagedChannelImpl maybeTerminateChannel
INFO: [ManagedChannelImpl@3945886e] Terminated
Jun 04, 2017 1:30:09 PM com.google.bigtable.repackaged.io.grpc.internal.ManagedChannelImpl maybeTerminateChannel
INFO: [ManagedChannelImpl@4eec5fa6] Terminated
Jun 04, 2017 1:30:09 PM com.google.bigtable.repackaged.io.grpc.internal.ManagedChannelImpl <init>
INFO: [ManagedChannelImpl@7f5ecada] Created with target bigtable.googleapis.com:443
Jun 04, 2017 1:30:09 PM com.google.bigtable.repackaged.io.grpc.internal.ManagedChannelImpl <init>
INFO: [ManagedChannelImpl@55574295] Created with target bigtable.googleapis.com:443
Jun 04, 2017 1:30:09 PM com.google.bigtable.repackaged.io.grpc.internal.ManagedChannelImpl <init>
INFO: [ManagedChannelImpl@750457a5] Created with target bigtable.googleapis.com:443
Jun 04, 2017 1:30:09 PM com.google.bigtable.repackaged.io.grpc.internal.ManagedChannelImpl <init>
INFO: [ManagedChannelImpl@6c4786af] Created with target bigtable.googleapis.com:443
Jun 04, 2017 1:30:09 PM com.google.bigtable.repackaged.io.grpc.internal.ManagedChannelImpl <init>
INFO: [ManagedChannelImpl@65c689e7] Created with target bigtable.googleapis.com:443
Jun 04, 2017 1:30:09 PM com.google.bigtable.repackaged.io.grpc.internal.ManagedChannelImpl <init>
INFO: [ManagedChannelImpl@a6a2c20] Created with target bigtable.googleapis.com:443
Jun 04, 2017 1:30:09 PM com.google.bigtable.repackaged.io.grpc.internal.ManagedChannelImpl <init>
INFO: [ManagedChannelImpl@5d04fbb7] Created with target bigtable.googleapis.com:443
Jun 04, 2017 1:30:09 PM com.google.bigtable.repackaged.io.grpc.internal.ManagedChannelImpl <init>
INFO: [ManagedChannelImpl@da67c46] Created with target bigtable.googleapis.com:443
Jun 04, 2017 1:30:09 PM com.google.bigtable.repackaged.io.grpc.internal.ManagedChannelImpl <init>
INFO: [ManagedChannelImpl@5c7e55a4] Created with target bigtable.googleapis.com:443
Jun 04, 2017 1:30:09 PM com.google.bigtable.repackaged.io.grpc.internal.ManagedChannelImpl <init>
INFO: [ManagedChannelImpl@7ae6927] Created with target bigtable.googleapis.com:443
Jun 04, 2017 1:30:11 PM com.google.bigtable.repackaged.io.grpc.internal.ManagedChannelImpl maybeTerminateChannel
INFO: [ManagedChannelImpl@55574295] Terminated
Jun 04, 2017 1:30:11 PM com.google.bigtable.repackaged.io.grpc.internal.ManagedChannelImpl maybeTerminateChannel
INFO: [ManagedChannelImpl@750457a5] Terminated
[...]
Jun 04, 2017 1:31:02 PM com.google.bigtable.repackaged.io.grpc.internal.ManagedChannelImpl maybeTerminateChannel
INFO: [ManagedChannelImpl@39420d59] Terminated
Jun 04, 2017 1:31:02 PM com.google.bigtable.repackaged.io.grpc.internal.ManagedChannelImpl <init>
INFO: [ManagedChannelImpl@1fa796a4] Created with target bigtable.googleapis.com:443
Jun 04, 2017 1:31:02 PM com.google.bigtable.repackaged.io.grpc.internal.ManagedChannelImpl <init>
INFO: [ManagedChannelImpl@68de8522] Created with target bigtable.googleapis.com:443
Jun 04, 2017 1:31:02 PM com.google.bigtable.repackaged.io.grpc.internal.ManagedChannelImpl <init>
INFO: [ManagedChannelImpl@8dcacf1] Created with target bigtable.googleapis.com:443
Jun 04, 2017 1:31:02 PM com.google.bigtable.repackaged.io.grpc.internal.ManagedChannelImpl <init>
INFO: [ManagedChannelImpl@50f13494] Created with target bigtable.googleapis.com:443
Jun 04, 2017 1:31:02 PM com.google.bigtable.repackaged.io.grpc.internal.ManagedChannelImpl <init>
INFO: [ManagedChannelImpl@73c09a98] Created with target bigtable.googleapis.com:443
Jun 04, 2017 1:31:02 PM com.google.bigtable.repackaged.io.grpc.internal.ManagedChannelImpl <init>
INFO: [ManagedChannelImpl@6f2bf657] Created with target bigtable.googleapis.com:443
Jun 04, 2017 1:31:02 PM com.google.bigtable.repackaged.io.grpc.internal.ManagedChannelImpl <init>
INFO: [ManagedChannelImpl@27d6467] Created with target bigtable.googleapis.com:443
Jun 04, 2017 1:31:02 PM com.google.bigtable.repackaged.io.grpc.internal.ManagedChannelImpl <init>
INFO: [ManagedChannelImpl@5bf1b528] Created with target bigtable.googleapis.com:443
Jun 04, 2017 1:31:02 PM com.google.bigtable.repackaged.io.grpc.internal.ManagedChannelImpl <init>
INFO: [ManagedChannelImpl@2c92f094] Created with target bigtable.googleapis.com:443
Jun 04, 2017 1:31:02 PM com.google.bigtable.repackaged.io.grpc.internal.ManagedChannelImpl <init>
INFO: [ManagedChannelImpl@1c3b221f] Created with target bigtable.googleapis.com:443
Jun 04, 2017 1:31:05 PM com.google.bigtable.repackaged.io.grpc.internal.ManagedChannelImpl maybeTerminateChannel
INFO: [ManagedChannelImpl@68de8522] Terminated
Jun 04, 2017 1:31:05 PM com.google.bigtable.repackaged.io.grpc.internal.ManagedChannelImpl maybeTerminateChannel
INFO: [ManagedChannelImpl@8dcacf1] Terminated
Jun 04, 2017 1:31:05 PM com.google.bigtable.repackaged.io.grpc.internal.ManagedChannelImpl maybeTerminateChannel
INFO: [ManagedChannelImpl@50f13494] Terminated
Jun 04, 2017 1:31:05 PM com.google.bigtable.repackaged.io.grpc.internal.ManagedChannelImpl maybeTerminateChannel
INFO: [ManagedChannelImpl@73c09a98] Terminated
Jun 04, 2017 1:31:05 PM com.google.bigtable.repackaged.io.grpc.internal.ManagedChannelImpl maybeTerminateChannel
INFO: [ManagedChannelImpl@6f2bf657] Terminated
Jun 04, 2017 1:31:05 PM com.google.bigtable.repackaged.io.grpc.internal.ManagedChannelImpl maybeTerminateChannel
INFO: [ManagedChannelImpl@27d6467] Terminated
Jun 04, 2017 1:31:05 PM com.google.bigtable.repackaged.io.grpc.internal.ManagedChannelImpl maybeTerminateChannel
INFO: [ManagedChannelImpl@1fa796a4] Terminated
Jun 04, 2017 1:31:05 PM com.google.bigtable.repackaged.io.grpc.internal.ManagedChannelImpl maybeTerminateChannel
INFO: [ManagedChannelImpl@5bf1b528] Terminated
Jun 04, 2017 1:31:05 PM com.google.bigtable.repackaged.io.grpc.internal.ManagedChannelImpl maybeTerminateChannel
INFO: [ManagedChannelImpl@2c92f094] Terminated
Jun 04, 2017 1:31:05 PM com.google.bigtable.repackaged.io.grpc.internal.ManagedChannelImpl maybeTerminateChannel
INFO: [ManagedChannelImpl@1c3b221f] Terminated
]]></system-err>
  </testcase>
  <testcase name="testDeleteConversation" classname="codeu.chat.server.RawControllerTest" time="14.446">
    <failure message="Check that user has a valid reference" type="java.lang.AssertionError">java.lang.AssertionError: Check that user has a valid reference
	at org.junit.Assert.fail(Assert.java:88)
	at org.junit.Assert.assertTrue(Assert.java:41)
	at org.junit.Assert.assertFalse(Assert.java:64)
	at codeu.chat.server.RawControllerTest.testDeleteConversation(RawControllerTest.java:134)
	at sun.reflect.NativeMethodAccessorImpl.invoke0(Native Method)
	at sun.reflect.NativeMethodAccessorImpl.invoke(NativeMethodAccessorImpl.java:62)
	at sun.reflect.DelegatingMethodAccessorImpl.invoke(DelegatingMethodAccessorImpl.java:43)
	at java.lang.reflect.Method.invoke(Method.java:498)
	at org.junit.runners.model.FrameworkMethod$1.runReflectiveCall(FrameworkMethod.java:50)
	at org.junit.internal.runners.model.ReflectiveCallable.run(ReflectiveCallable.java:12)
	at org.junit.runners.model.FrameworkMethod.invokeExplosively(FrameworkMethod.java:47)
	at org.junit.internal.runners.statements.InvokeMethod.evaluate(InvokeMethod.java:17)
	at org.junit.internal.runners.statements.RunBefores.evaluate(RunBefores.java:26)
	at org.junit.runners.ParentRunner.runLeaf(ParentRunner.java:325)
	at org.junit.runners.BlockJUnit4ClassRunner.runChild(BlockJUnit4ClassRunner.java:78)
	at org.junit.runners.BlockJUnit4ClassRunner.runChild(BlockJUnit4ClassRunner.java:57)
	at org.junit.runners.ParentRunner$3.run(ParentRunner.java:290)
	at org.junit.runners.ParentRunner$1.schedule(ParentRunner.java:71)
	at org.junit.runners.ParentRunner.runChildren(ParentRunner.java:288)
	at org.junit.runners.ParentRunner.access$000(ParentRunner.java:58)
	at org.junit.runners.ParentRunner$2.evaluate(ParentRunner.java:268)
	at org.junit.runners.ParentRunner.run(ParentRunner.java:363)
	at org.apache.maven.surefire.junit4.JUnit4Provider.execute(JUnit4Provider.java:367)
	at org.apache.maven.surefire.junit4.JUnit4Provider.executeWithRerun(JUnit4Provider.java:274)
	at org.apache.maven.surefire.junit4.JUnit4Provider.executeTestSet(JUnit4Provider.java:238)
	at org.apache.maven.surefire.junit4.JUnit4Provider.invoke(JUnit4Provider.java:161)
	at org.apache.maven.surefire.booter.ForkedBooter.invokeProviderInSameClassLoader(ForkedBooter.java:290)
	at org.apache.maven.surefire.booter.ForkedBooter.runSuitesInProcess(ForkedBooter.java:242)
	at org.apache.maven.surefire.booter.ForkedBooter.main(ForkedBooter.java:121)
</failure>
    <system-out><![CDATA[Scan for all messages:
Scan for all conversations:
Scan for all groups:
Scan for all users:
]]></system-out>
    <system-err><![CDATA[Jun 04, 2017 1:31:05 PM com.google.bigtable.repackaged.io.grpc.internal.ManagedChannelImpl <init>
INFO: [ManagedChannelImpl@49c4118b] Created with target bigtable.googleapis.com:443
Jun 04, 2017 1:31:05 PM com.google.bigtable.repackaged.io.grpc.internal.ManagedChannelImpl <init>
INFO: [ManagedChannelImpl@7ef7f414] Created with target bigtable.googleapis.com:443
Jun 04, 2017 1:31:05 PM com.google.bigtable.repackaged.io.grpc.internal.ManagedChannelImpl <init>
INFO: [ManagedChannelImpl@182dcd2b] Created with target bigtable.googleapis.com:443
Jun 04, 2017 1:31:05 PM com.google.bigtable.repackaged.io.grpc.internal.ManagedChannelImpl <init>
INFO: [ManagedChannelImpl@4c3d72fd] Created with target bigtable.googleapis.com:443
Jun 04, 2017 1:31:05 PM com.google.bigtable.repackaged.io.grpc.internal.ManagedChannelImpl <init>
INFO: [ManagedChannelImpl@259c6ab8] Created with target bigtable.googleapis.com:443
Jun 04, 2017 1:31:05 PM com.google.bigtable.repackaged.io.grpc.internal.ManagedChannelImpl <init>
INFO: [ManagedChannelImpl@640a6d4b] Created with target bigtable.googleapis.com:443
Jun 04, 2017 1:31:05 PM com.google.bigtable.repackaged.io.grpc.internal.ManagedChannelImpl <init>
INFO: [ManagedChannelImpl@1238a074] Created with target bigtable.googleapis.com:443
Jun 04, 2017 1:31:05 PM com.google.bigtable.repackaged.io.grpc.internal.ManagedChannelImpl <init>
INFO: [ManagedChannelImpl@35b58254] Created with target bigtable.googleapis.com:443
Jun 04, 2017 1:31:05 PM com.google.bigtable.repackaged.io.grpc.internal.ManagedChannelImpl <init>
INFO: [ManagedChannelImpl@73baf7f0] Created with target bigtable.googleapis.com:443
Jun 04, 2017 1:31:05 PM com.google.bigtable.repackaged.io.grpc.internal.ManagedChannelImpl <init>
INFO: [ManagedChannelImpl@446dacf9] Created with target bigtable.googleapis.com:443
Jun 04, 2017 1:31:09 PM com.google.bigtable.repackaged.io.grpc.internal.ManagedChannelImpl maybeTerminateChannel
INFO: [ManagedChannelImpl@7ef7f414] Terminated
Jun 04, 2017 1:31:09 PM com.google.bigtable.repackaged.io.grpc.internal.ManagedChannelImpl maybeTerminateChannel
INFO: [ManagedChannelImpl@182dcd2b] Terminated
Jun 04, 2017 1:31:09 PM com.google.bigtable.repackaged.io.grpc.internal.ManagedChannelImpl maybeTerminateChannel
INFO: [ManagedChannelImpl@4c3d72fd] Terminated
Jun 04, 2017 1:31:09 PM com.google.bigtable.repackaged.io.grpc.internal.ManagedChannelImpl maybeTerminateChannel
INFO: [ManagedChannelImpl@259c6ab8] Terminated
Jun 04, 2017 1:31:09 PM com.google.bigtable.repackaged.io.grpc.internal.ManagedChannelImpl maybeTerminateChannel
INFO: [ManagedChannelImpl@640a6d4b] Terminated
Jun 04, 2017 1:31:09 PM com.google.bigtable.repackaged.io.grpc.internal.ManagedChannelImpl maybeTerminateChannel
INFO: [ManagedChannelImpl@49c4118b] Terminated
Jun 04, 2017 1:31:09 PM com.google.bigtable.repackaged.io.grpc.internal.ManagedChannelImpl maybeTerminateChannel
INFO: [ManagedChannelImpl@1238a074] Terminated
Jun 04, 2017 1:31:09 PM com.google.bigtable.repackaged.io.grpc.internal.ManagedChannelImpl maybeTerminateChannel
INFO: [ManagedChannelImpl@35b58254] Terminated
Jun 04, 2017 1:31:09 PM com.google.bigtable.repackaged.io.grpc.internal.ManagedChannelImpl maybeTerminateChannel
INFO: [ManagedChannelImpl@73baf7f0] Terminated
Jun 04, 2017 1:31:09 PM com.google.bigtable.repackaged.io.grpc.internal.ManagedChannelImpl maybeTerminateChannel
INFO: [ManagedChannelImpl@446dacf9] Terminated
Jun 04, 2017 1:31:09 PM com.google.bigtable.repackaged.io.grpc.internal.ManagedChannelImpl <init>
INFO: [ManagedChannelImpl@7bd1098] Created with target bigtable.googleapis.com:443
Jun 04, 2017 1:31:09 PM com.google.bigtable.repackaged.io.grpc.internal.ManagedChannelImpl <init>
INFO: [ManagedChannelImpl@185bf6e0] Created with target bigtable.googleapis.com:443
Jun 04, 2017 1:31:09 PM com.google.bigtable.repackaged.io.grpc.internal.ManagedChannelImpl <init>
INFO: [ManagedChannelImpl@6a562255] Created with target bigtable.googleapis.com:443
Jun 04, 2017 1:31:09 PM com.google.bigtable.repackaged.io.grpc.internal.ManagedChannelImpl <init>
INFO: [ManagedChannelImpl@374ba492] Created with target bigtable.googleapis.com:443
Jun 04, 2017 1:31:09 PM com.google.bigtable.repackaged.io.grpc.internal.ManagedChannelImpl <init>
INFO: [ManagedChannelImpl@581d5b33] Created with target bigtable.googleapis.com:443
Jun 04, 2017 1:31:09 PM com.google.bigtable.repackaged.io.grpc.internal.ManagedChannelImpl <init>
INFO: [ManagedChannelImpl@1f365a26] Created with target bigtable.googleapis.com:443
Jun 04, 2017 1:31:09 PM com.google.bigtable.repackaged.io.grpc.internal.ManagedChannelImpl <init>
INFO: [ManagedChannelImpl@44a9971f] Created with target bigtable.googleapis.com:443
Jun 04, 2017 1:31:09 PM com.google.bigtable.repackaged.io.grpc.internal.ManagedChannelImpl <init>
INFO: [ManagedChannelImpl@2e2cd42c] Created with target bigtable.googleapis.com:443
Jun 04, 2017 1:31:09 PM com.google.bigtable.repackaged.io.grpc.internal.ManagedChannelImpl <init>
INFO: [ManagedChannelImpl@1cdad619] Created with target bigtable.googleapis.com:443
Jun 04, 2017 1:31:09 PM com.google.bigtable.repackaged.io.grpc.internal.ManagedChannelImpl <init>
INFO: [ManagedChannelImpl@319058ce] Created with target bigtable.googleapis.com:443
Jun 04, 2017 1:31:12 PM com.google.bigtable.repackaged.io.grpc.internal.ManagedChannelImpl maybeTerminateChannel
INFO: [ManagedChannelImpl@185bf6e0] Terminated
Jun 04, 2017 1:31:12 PM com.google.bigtable.repackaged.io.grpc.internal.ManagedChannelImpl maybeTerminateChannel
INFO: [ManagedChannelImpl@6a562255] Terminated
Jun 04, 2017 1:31:12 PM com.google.bigtable.repackaged.io.grpc.internal.ManagedChannelImpl maybeTerminateChannel
INFO: [ManagedChannelImpl@374ba492] Terminated
Jun 04, 2017 1:31:12 PM com.google.bigtable.repackaged.io.grpc.internal.ManagedChannelImpl maybeTerminateChannel
INFO: [ManagedChannelImpl@581d5b33] Terminated
Jun 04, 2017 1:31:12 PM com.google.bigtable.repackaged.io.grpc.internal.ManagedChannelImpl maybeTerminateChannel
INFO: [ManagedChannelImpl@1f365a26] Terminated
Jun 04, 2017 1:31:12 PM com.google.bigtable.repackaged.io.grpc.internal.ManagedChannelImpl maybeTerminateChannel
INFO: [ManagedChannelImpl@44a9971f] Terminated
Jun 04, 2017 1:31:12 PM com.google.bigtable.repackaged.io.grpc.internal.ManagedChannelImpl maybeTerminateChannel
INFO: [ManagedChannelImpl@2e2cd42c] Terminated
Jun 04, 2017 1:31:12 PM com.google.bigtable.repackaged.io.grpc.internal.ManagedChannelImpl maybeTerminateChannel
INFO: [ManagedChannelImpl@7bd1098] Terminated
Jun 04, 2017 1:31:12 PM com.google.bigtable.repackaged.io.grpc.internal.ManagedChannelImpl maybeTerminateChannel
INFO: [ManagedChannelImpl@1cdad619] Terminated
Jun 04, 2017 1:31:12 PM com.google.bigtable.repackaged.io.grpc.internal.ManagedChannelImpl maybeTerminateChannel
INFO: [ManagedChannelImpl@319058ce] Terminated
Jun 04, 2017 1:31:12 PM com.google.bigtable.repackaged.io.grpc.internal.ManagedChannelImpl <init>
INFO: [ManagedChannelImpl@8091d80] Created with target bigtable.googleapis.com:443
Jun 04, 2017 1:31:12 PM com.google.bigtable.repackaged.io.grpc.internal.ManagedChannelImpl <init>
INFO: [ManagedChannelImpl@78f4d15d] Created with target bigtable.googleapis.com:443
Jun 04, 2017 1:31:12 PM com.google.bigtable.repackaged.io.grpc.internal.ManagedChannelImpl <init>
INFO: [ManagedChannelImpl@6958d5d0] Created with target bigtable.googleapis.com:443
Jun 04, 2017 1:31:12 PM com.google.bigtable.repackaged.io.grpc.internal.ManagedChannelImpl <init>
INFO: [ManagedChannelImpl@314c28dc] Created with target bigtable.googleapis.com:443
Jun 04, 2017 1:31:12 PM com.google.bigtable.repackaged.io.grpc.internal.ManagedChannelImpl <init>
INFO: [ManagedChannelImpl@7169d668] Created with target bigtable.googleapis.com:443
Jun 04, 2017 1:31:12 PM com.google.bigtable.repackaged.io.grpc.internal.ManagedChannelImpl <init>
INFO: [ManagedChannelImpl@2f498f21] Created with target bigtable.googleapis.com:443
Jun 04, 2017 1:31:12 PM com.google.bigtable.repackaged.io.grpc.internal.ManagedChannelImpl <init>
INFO: [ManagedChannelImpl@90394d] Created with target bigtable.googleapis.com:443
Jun 04, 2017 1:31:12 PM com.google.bigtable.repackaged.io.grpc.internal.ManagedChannelImpl <init>
INFO: [ManagedChannelImpl@50caeb4b] Created with target bigtable.googleapis.com:443
Jun 04, 2017 1:31:12 PM com.google.bigtable.repackaged.io.grpc.internal.ManagedChannelImpl <init>
INFO: [ManagedChannelImpl@6fafbdac] Created with target bigtable.googleapis.com:443
Jun 04, 2017 1:31:12 PM com.google.bigtable.repackaged.io.grpc.internal.ManagedChannelImpl <init>
INFO: [ManagedChannelImpl@c7c07ff] Created with target bigtable.googleapis.com:443
Jun 04, 2017 1:31:16 PM com.google.bigtable.repackaged.io.grpc.internal.ManagedChannelImpl maybeTerminateChannel
INFO: [ManagedChannelImpl@78f4d15d] Terminated
Jun 04, 2017 1:31:16 PM com.google.bigtable.repackaged.io.grpc.internal.ManagedChannelImpl maybeTerminateChannel
INFO: [ManagedChannelImpl@6958d5d0] Terminated
Jun 04, 2017 1:31:16 PM com.google.bigtable.repackaged.io.grpc.internal.ManagedChannelImpl maybeTerminateChannel
INFO: [ManagedChannelImpl@314c28dc] Terminated
Jun 04, 2017 1:31:16 PM com.google.bigtable.repackaged.io.grpc.internal.ManagedChannelImpl maybeTerminateChannel
INFO: [ManagedChannelImpl@7169d668] Terminated
Jun 04, 2017 1:31:16 PM com.google.bigtable.repackaged.io.grpc.internal.ManagedChannelImpl maybeTerminateChannel
INFO: [ManagedChannelImpl@2f498f21] Terminated
Jun 04, 2017 1:31:16 PM com.google.bigtable.repackaged.io.grpc.internal.ManagedChannelImpl maybeTerminateChannel
INFO: [ManagedChannelImpl@90394d] Terminated
Jun 04, 2017 1:31:16 PM com.google.bigtable.repackaged.io.grpc.internal.ManagedChannelImpl maybeTerminateChannel
INFO: [ManagedChannelImpl@50caeb4b] Terminated
Jun 04, 2017 1:31:16 PM com.google.bigtable.repackaged.io.grpc.internal.ManagedChannelImpl maybeTerminateChannel
INFO: [ManagedChannelImpl@6fafbdac] Terminated
Jun 04, 2017 1:31:16 PM com.google.bigtable.repackaged.io.grpc.internal.ManagedChannelImpl maybeTerminateChannel
INFO: [ManagedChannelImpl@c7c07ff] Terminated
Jun 04, 2017 1:31:16 PM com.google.bigtable.repackaged.io.grpc.internal.ManagedChannelImpl maybeTerminateChannel
INFO: [ManagedChannelImpl@8091d80] Terminated
Jun 04, 2017 1:31:16 PM com.google.bigtable.repackaged.io.grpc.internal.ManagedChannelImpl <init>
INFO: [ManagedChannelImpl@744f0e0b] Created with target bigtable.googleapis.com:443
Jun 04, 2017 1:31:16 PM com.google.bigtable.repackaged.io.grpc.internal.ManagedChannelImpl <init>
INFO: [ManagedChannelImpl@4136b193] Created with target bigtable.googleapis.com:443
Jun 04, 2017 1:31:16 PM com.google.bigtable.repackaged.io.grpc.internal.ManagedChannelImpl <init>
INFO: [ManagedChannelImpl@4af44f2a] Created with target bigtable.googleapis.com:443
Jun 04, 2017 1:31:16 PM com.google.bigtable.repackaged.io.grpc.internal.ManagedChannelImpl <init>
INFO: [ManagedChannelImpl@570127fa] Created with target bigtable.googleapis.com:443
Jun 04, 2017 1:31:16 PM com.google.bigtable.repackaged.io.grpc.internal.ManagedChannelImpl <init>
INFO: [ManagedChannelImpl@5b324447] Created with target bigtable.googleapis.com:443
Jun 04, 2017 1:31:16 PM com.google.bigtable.repackaged.io.grpc.internal.ManagedChannelImpl <init>
INFO: [ManagedChannelImpl@2ffcdc9b] Created with target bigtable.googleapis.com:443
Jun 04, 2017 1:31:16 PM com.google.bigtable.repackaged.io.grpc.internal.ManagedChannelImpl <init>
INFO: [ManagedChannelImpl@47994b51] Created with target bigtable.googleapis.com:443
Jun 04, 2017 1:31:16 PM com.google.bigtable.repackaged.io.grpc.internal.ManagedChannelImpl <init>
INFO: [ManagedChannelImpl@19f99aaf] Created with target bigtable.googleapis.com:443
Jun 04, 2017 1:31:16 PM com.google.bigtable.repackaged.io.grpc.internal.ManagedChannelImpl <init>
INFO: [ManagedChannelImpl@5020e5ab] Created with target bigtable.googleapis.com:443
Jun 04, 2017 1:31:16 PM com.google.bigtable.repackaged.io.grpc.internal.ManagedChannelImpl <init>
INFO: [ManagedChannelImpl@19f1f330] Created with target bigtable.googleapis.com:443
Jun 04, 2017 1:31:20 PM com.google.bigtable.repackaged.io.grpc.internal.ManagedChannelImpl maybeTerminateChannel
INFO: [ManagedChannelImpl@4136b193] Terminated
Jun 04, 2017 1:31:20 PM com.google.bigtable.repackaged.io.grpc.internal.ManagedChannelImpl maybeTerminateChannel
INFO: [ManagedChannelImpl@4af44f2a] Terminated
Jun 04, 2017 1:31:20 PM com.google.bigtable.repackaged.io.grpc.internal.ManagedChannelImpl maybeTerminateChannel
INFO: [ManagedChannelImpl@570127fa] Terminated
Jun 04, 2017 1:31:20 PM com.google.bigtable.repackaged.io.grpc.internal.ManagedChannelImpl maybeTerminateChannel
INFO: [ManagedChannelImpl@5b324447] Terminated
Jun 04, 2017 1:31:20 PM com.google.bigtable.repackaged.io.grpc.internal.ManagedChannelImpl maybeTerminateChannel
INFO: [ManagedChannelImpl@2ffcdc9b] Terminated
Jun 04, 2017 1:31:20 PM com.google.bigtable.repackaged.io.grpc.internal.ManagedChannelImpl maybeTerminateChannel
INFO: [ManagedChannelImpl@47994b51] Terminated
Jun 04, 2017 1:31:20 PM com.google.bigtable.repackaged.io.grpc.internal.ManagedChannelImpl maybeTerminateChannel
INFO: [ManagedChannelImpl@19f99aaf] Terminated
Jun 04, 2017 1:31:20 PM com.google.bigtable.repackaged.io.grpc.internal.ManagedChannelImpl maybeTerminateChannel
INFO: [ManagedChannelImpl@5020e5ab] Terminated
Jun 04, 2017 1:31:20 PM com.google.bigtable.repackaged.io.grpc.internal.ManagedChannelImpl maybeTerminateChannel
INFO: [ManagedChannelImpl@19f1f330] Terminated
Jun 04, 2017 1:31:20 PM com.google.bigtable.repackaged.io.grpc.internal.ManagedChannelImpl maybeTerminateChannel
INFO: [ManagedChannelImpl@744f0e0b] Terminated
]]></system-err>
  </testcase>
</testsuite>